Using pre-set license
Built from '2021.3/staging' branch; Version is '2021.3.11f1 (0a5ca18544bf) revision 679073'; Using compiler version '192829333'; Build Type 'Release'
OS: 'Windows 11  (10.0.22621) 64bit Core' Language: 'pt' Physical Memory: 14188 MB
BatchMode: 1, IsHumanControllingUs: 0, StartBugReporterOnCrash: 0, Is64bit: 1, IsPro: 1

COMMAND LINE ARGUMENTS:
C:\Program Files\Unity 2021.3.11f1\Editor\Unity.exe
-adb2
-batchMode
-noUpm
-name
AssetImportWorker2
-projectPath
C:/Projects/Unity/The Invitation/Sistemas-de-Entrertenimento
-logFile
Logs/AssetImportWorker2.log
-srvPort
52392
Successfully changed project path to: C:/Projects/Unity/The Invitation/Sistemas-de-Entrertenimento
C:/Projects/Unity/The Invitation/Sistemas-de-Entrertenimento
[UnityMemory] Configuration Parameters - Can be set up in boot.config
    "memorysetup-bucket-allocator-granularity=16"
    "memorysetup-bucket-allocator-bucket-count=8"
    "memorysetup-bucket-allocator-block-size=33554432"
    "memorysetup-bucket-allocator-block-count=8"
    "memorysetup-main-allocator-block-size=16777216"
    "memorysetup-thread-allocator-block-size=16777216"
    "memorysetup-gfx-main-allocator-block-size=16777216"
    "memorysetup-gfx-thread-allocator-block-size=16777216"
    "memorysetup-cache-allocator-block-size=4194304"
    "memorysetup-typetree-allocator-block-size=2097152"
    "memorysetup-profiler-bucket-allocator-granularity=16"
    "memorysetup-profiler-bucket-allocator-bucket-count=8"
    "memorysetup-profiler-bucket-allocator-block-size=33554432"
    "memorysetup-profiler-bucket-allocator-block-count=8"
    "memorysetup-profiler-allocator-block-size=16777216"
    "memorysetup-profiler-editor-allocator-block-size=1048576"
    "memorysetup-temp-allocator-size-main=16777216"
    "memorysetup-job-temp-allocator-block-size=2097152"
    "memorysetup-job-temp-allocator-block-size-background=1048576"
    "memorysetup-job-temp-allocator-reduction-small-platforms=262144"
    "memorysetup-temp-allocator-size-background-worker=32768"
    "memorysetup-temp-allocator-size-job-worker=262144"
    "memorysetup-temp-allocator-size-preload-manager=33554432"
    "memorysetup-temp-allocator-size-nav-mesh-worker=65536"
    "memorysetup-temp-allocator-size-audio-worker=65536"
    "memorysetup-temp-allocator-size-cloud-worker=32768"
    "memorysetup-temp-allocator-size-gi-baking-worker=262144"
    "memorysetup-temp-allocator-size-gfx=262144"
Refreshing native plugins compatible for Editor in 119.05 ms, found 3 plugins.
Preloading 0 native plugins for Editor in 0.00 ms.
Initialize engine version: 2021.3.11f1 (0a5ca18544bf)
[Subsystems] Discovering subsystems at path C:/Program Files/Unity 2021.3.11f1/Editor/Data/Resources/UnitySubsystems
[Subsystems] Discovering subsystems at path C:/Projects/Unity/The Invitation/Sistemas-de-Entrertenimento/Assets
GfxDevice: creating device client; threaded=0; jobified=0
Direct3D:
    Version:  Direct3D 11.0 [level 11.1]
    Renderer: NVIDIA GeForce RTX 3060 Laptop GPU (ID=0x2560)
    Vendor:   NVIDIA
    VRAM:     6023 MB
    Driver:   31.0.15.1694
Initialize mono
Mono path[0] = 'C:/Program Files/Unity 2021.3.11f1/Editor/Data/Managed'
Mono path[1] = 'C:/Program Files/Unity 2021.3.11f1/Editor/Data/MonoBleedingEdge/lib/mono/unityjit-win32'
Mono config path = 'C:/Program Files/Unity 2021.3.11f1/Editor/Data/MonoBleedingEdge/etc'
Using monoOptions --debugger-agent=transport=dt_socket,embedding=1,server=y,suspend=n,address=127.0.0.1:56596
Begin MonoManager ReloadAssembly
Registering precompiled unity dll's ...
Register platform support module: C:/Program Files/Unity 2021.3.11f1/Editor/Data/PlaybackEngines/WindowsStandaloneSupport/UnityEditor.WindowsStandalone.Extensions.dll
Registered in 0.005974 seconds.
Native extension for WindowsStandalone target not found
Refreshing native plugins compatible for Editor in 129.20 ms, found 3 plugins.
Preloading 0 native plugins for Editor in 0.00 ms.
Mono: successfully reloaded assembly
- Completed reload, in  0.771 seconds
Domain Reload Profiling:
	ReloadAssembly (771ms)
		BeginReloadAssembly (73ms)
			ExecutionOrderSort (0ms)
			DisableScriptedObjects (0ms)
			BackupInstance (0ms)
			ReleaseScriptingObjects (0ms)
			CreateAndSetChildDomain (1ms)
		EndReloadAssembly (586ms)
			LoadAssemblies (71ms)
			RebuildTransferFunctionScriptingTraits (0ms)
			SetupTypeCache (126ms)
			ReleaseScriptCaches (0ms)
			RebuildScriptCaches (33ms)
			SetupLoadedEditorAssemblies (369ms)
				LogAssemblyErrors (0ms)
				InitializePlatformSupportModulesInManaged (8ms)
				SetLoadedEditorAssemblies (0ms)
				RefreshPlugins (129ms)
				BeforeProcessingInitializeOnLoad (2ms)
				ProcessInitializeOnLoadAttributes (169ms)
				ProcessInitializeOnLoadMethodAttributes (60ms)
				AfterProcessingInitializeOnLoad (0ms)
				EditorAssembliesLoaded (0ms)
			ExecutionOrderSort2 (0ms)
			AwakeInstancesAfterBackupRestoration (0ms)
Platform modules already initialized, skipping
Registering precompiled user dll's ...
Registered in 0.016430 seconds.
Begin MonoManager ReloadAssembly
Symbol file LoadedFromMemory doesn't match image C:\Projects\Unity\The Invitation\Sistemas-de-Entrertenimento\Library\PackageCache\com.unity.visualscripting@1.7.8\Editor\VisualScripting.Core\Dependencies\YamlDotNet\Unity.VisualScripting.YamlDotNet.dll
Symbol file LoadedFromMemory doesn't match image C:\Projects\Unity\The Invitation\Sistemas-de-Entrertenimento\Library\PackageCache\com.unity.visualscripting@1.7.8\Editor\VisualScripting.Core\Dependencies\DotNetZip\Unity.VisualScripting.IonicZip.dll
Native extension for WindowsStandalone target not found
Refreshing native plugins compatible for Editor in 97.66 ms, found 3 plugins.
Preloading 0 native plugins for Editor in 0.00 ms.
Launched and connected shader compiler UnityShaderCompiler.exe after 0.04 seconds
Mono: successfully reloaded assembly
- Completed reload, in  1.695 seconds
Domain Reload Profiling:
	ReloadAssembly (1695ms)
		BeginReloadAssembly (114ms)
			ExecutionOrderSort (0ms)
			DisableScriptedObjects (6ms)
			BackupInstance (0ms)
			ReleaseScriptingObjects (0ms)
			CreateAndSetChildDomain (22ms)
		EndReloadAssembly (1490ms)
			LoadAssemblies (90ms)
			RebuildTransferFunctionScriptingTraits (0ms)
			SetupTypeCache (282ms)
			ReleaseScriptCaches (1ms)
			RebuildScriptCaches (59ms)
			SetupLoadedEditorAssemblies (1019ms)
				LogAssemblyErrors (0ms)
				InitializePlatformSupportModulesInManaged (9ms)
				SetLoadedEditorAssemblies (0ms)
				RefreshPlugins (98ms)
				BeforeProcessingInitializeOnLoad (107ms)
				ProcessInitializeOnLoadAttributes (534ms)
				ProcessInitializeOnLoadMethodAttributes (265ms)
				AfterProcessingInitializeOnLoad (5ms)
				EditorAssembliesLoaded (0ms)
			ExecutionOrderSort2 (0ms)
			AwakeInstancesAfterBackupRestoration (5ms)
Platform modules already initialized, skipping
========================================================================
Worker process is ready to serve import requests
Refreshing native plugins compatible for Editor in 2.07 ms, found 3 plugins.
Preloading 0 native plugins for Editor in 0.00 ms.
Unloading 5322 Unused Serialized files (Serialized files now loaded: 0)
Unloading 49 unused Assets / (0.7 MB). Loaded Objects now: 5829.
Memory consumption went from 210.5 MB to 209.8 MB.
Total: 19.602900 ms (FindLiveObjects: 0.535200 ms CreateObjectMapping: 0.494000 ms MarkObjects: 18.244300 ms  DeleteObjects: 0.327800 ms)

AssetImportParameters requested are different than current active one (requested -> active):
  custom:video-decoder-ogg-theora: a1e56fd34408186e4bbccfd4996cb3dc -> 
  custom:container-muxer-webm: aa71ff27fc2769a1b78a27578f13a17b -> 
  custom:container-demuxer-webm: 4f35f7cbe854078d1ac9338744f61a02 -> 
  custom:video-encoder-webm-vp8: eb34c28f22e8b96e1ab97ce403110664 -> 
  custom:video-codec-MediaFoundation-h265: 746d11721c4dcdbdad8f713fa42b33f4 -> 
  custom:audio-encoder-webm-vorbis: bf7c407c2cedff20999df2af8eb42d56 -> 
  custom:framework-win-MediaFoundation: 216162199b28c13a410421893ffa2e32 -> 
  custom:container-demuxer-ogg: 62fdf1f143b41e24485cea50d1cbac27 -> 
  custom:video-decoder-webm-vp8: 9c59270c3fd7afecdb556c50c9e8de78 -> 
  custom:audio-decoder-ogg-vorbis: bf7c407c2cedff20999df2af8eb42d56 -> 
========================================================================
Received Import Request.
  Time since last request: 59978.999366 seconds.
  path: Assets/Data/Materials/Material/Debug/Door 1.mat
  artifactKey: Guid(a3ac9b2344f8c7c4e920b28022a243d0) Importer(815301076,1909f56bfc062723c751e8b465ee728b)
Start importing Assets/Data/Materials/Material/Debug/Door 1.mat using Guid(a3ac9b2344f8c7c4e920b28022a243d0) Importer(815301076,1909f56bfc062723c751e8b465ee728b)  -> (artifact id: '632036d951975275770de90cad519236') in 0.240871 seconds 
========================================================================
Received Import Request.
  Time since last request: 36.752319 seconds.
  path: Assets/Data/Materials/Material/Debug/Walls.mat
  artifactKey: Guid(a3ac9b2344f8c7c4e920b28022a243d0) Importer(815301076,1909f56bfc062723c751e8b465ee728b)
Start importing Assets/Data/Materials/Material/Debug/Walls.mat using Guid(a3ac9b2344f8c7c4e920b28022a243d0) Importer(815301076,1909f56bfc062723c751e8b465ee728b)  -> (artifact id: '2f8d072f204e43cf42c8a885f8615cab') in 0.018399 seconds 
========================================================================
Received Import Request.
  Time since last request: 5070.011843 seconds.
  path: Assets/Data/Prefabs/Light Probe Group.prefab
  artifactKey: Guid(d8a80819c2926ce488b2e7edaf4cee2b) Importer(815301076,1909f56bfc062723c751e8b465ee728b)
Start importing Assets/Data/Prefabs/Light Probe Group.prefab using Guid(d8a80819c2926ce488b2e7edaf4cee2b) Importer(815301076,1909f56bfc062723c751e8b465ee728b)  -> (artifact id: '77e8eb5c94663699e8969c2675ee56a9') in 0.155345 seconds 
========================================================================
Received Import Request.
  Time since last request: 0.737820 seconds.
  path: Assets/Data/Prefabs
  artifactKey: Guid(3a6e28ad8854500408cb6b6d39154dce) Importer(815301076,1909f56bfc062723c751e8b465ee728b)
Start importing Assets/Data/Prefabs using Guid(3a6e28ad8854500408cb6b6d39154dce) Importer(815301076,1909f56bfc062723c751e8b465ee728b)  -> (artifact id: 'cf20d978fbc93eeef2a0c3db449e4bbc') in 0.007632 seconds 
========================================================================
Received Import Request.
  Time since last request: 29.993312 seconds.
  path: Assets/Data/Prefabs/Doors
  artifactKey: Guid(144c9c158a47e0246b310e54a5434e38) Importer(815301076,1909f56bfc062723c751e8b465ee728b)
Start importing Assets/Data/Prefabs/Doors using Guid(144c9c158a47e0246b310e54a5434e38) Importer(815301076,1909f56bfc062723c751e8b465ee728b)  -> (artifact id: '152cb59d577669d6f5d9e3f9d501b19c') in 0.007127 seconds 
========================================================================
Received Import Request.
  Time since last request: 13.711019 seconds.
  path: Assets/Data/Prefabs/Doors/101.png
  artifactKey: Guid(6c3e37a2f6654cf4d89cc4a77951b992) Importer(815301076,1909f56bfc062723c751e8b465ee728b)
Start importing Assets/Data/Prefabs/Doors/101.png using Guid(6c3e37a2f6654cf4d89cc4a77951b992) Importer(815301076,1909f56bfc062723c751e8b465ee728b)  -> (artifact id: '5ac3882413b0082556365a978b656dcd') in 0.081266 seconds 
========================================================================
Received Import Request.
  Time since last request: 22.189853 seconds.
  path: Assets/Data/Prefabs/Doors/101.png
  artifactKey: Guid(6c3e37a2f6654cf4d89cc4a77951b992) Importer(815301076,1909f56bfc062723c751e8b465ee728b)
Start importing Assets/Data/Prefabs/Doors/101.png using Guid(6c3e37a2f6654cf4d89cc4a77951b992) Importer(815301076,1909f56bfc062723c751e8b465ee728b)  -> (artifact id: '5e50e83c75b31cfbcb0800dea377613f') in 0.035508 seconds 
========================================================================
Received Import Request.
  Time since last request: 0.794270 seconds.
  path: Assets/Data/Prefabs/Doors/Materials/101.mat
  artifactKey: Guid(94db316ebe8c96b41ae8c34ee2953903) Importer(815301076,1909f56bfc062723c751e8b465ee728b)
Start importing Assets/Data/Prefabs/Doors/Materials/101.mat using Guid(94db316ebe8c96b41ae8c34ee2953903) Importer(815301076,1909f56bfc062723c751e8b465ee728b)  -> (artifact id: '5bfe133b2576e46e80d47e15543cbc11') in 0.047080 seconds 
========================================================================
Received Import Request.
  Time since last request: 31.465516 seconds.
  path: Assets/Data/Prefabs/Doors/101.png
  artifactKey: Guid(6c3e37a2f6654cf4d89cc4a77951b992) Importer(815301076,1909f56bfc062723c751e8b465ee728b)
Start importing Assets/Data/Prefabs/Doors/101.png using Guid(6c3e37a2f6654cf4d89cc4a77951b992) Importer(815301076,1909f56bfc062723c751e8b465ee728b)  -> (artifact id: 'b7c37424eddadacd2d84bcec4d7c7402') in 0.080882 seconds 
========================================================================
Received Prepare
Registering precompiled user dll's ...
Registered in 0.009895 seconds.
Begin MonoManager ReloadAssembly
Symbol file LoadedFromMemory doesn't match image C:\Projects\Unity\The Invitation\Sistemas-de-Entrertenimento\Library\PackageCache\com.unity.visualscripting@1.7.8\Editor\VisualScripting.Core\Dependencies\YamlDotNet\Unity.VisualScripting.YamlDotNet.dll
Symbol file LoadedFromMemory doesn't match image C:\Projects\Unity\The Invitation\Sistemas-de-Entrertenimento\Library\PackageCache\com.unity.visualscripting@1.7.8\Editor\VisualScripting.Core\Dependencies\DotNetZip\Unity.VisualScripting.IonicZip.dll
Native extension for WindowsStandalone target not found
Refreshing native plugins compatible for Editor in 1.26 ms, found 3 plugins.
Preloading 0 native plugins for Editor in 0.00 ms.
Mono: successfully reloaded assembly
- Completed reload, in  2.302 seconds
Domain Reload Profiling:
	ReloadAssembly (2304ms)
		BeginReloadAssembly (479ms)
			ExecutionOrderSort (0ms)
			DisableScriptedObjects (41ms)
			BackupInstance (0ms)
			ReleaseScriptingObjects (0ms)
			CreateAndSetChildDomain (225ms)
		EndReloadAssembly (1692ms)
			LoadAssemblies (173ms)
			RebuildTransferFunctionScriptingTraits (0ms)
			SetupTypeCache (380ms)
			ReleaseScriptCaches (2ms)
			RebuildScriptCaches (51ms)
			SetupLoadedEditorAssemblies (986ms)
				LogAssemblyErrors (0ms)
				InitializePlatformSupportModulesInManaged (13ms)
				SetLoadedEditorAssemblies (1ms)
				RefreshPlugins (1ms)
				BeforeProcessingInitializeOnLoad (96ms)
				ProcessInitializeOnLoadAttributes (597ms)
				ProcessInitializeOnLoadMethodAttributes (272ms)
				AfterProcessingInitializeOnLoad (6ms)
				EditorAssembliesLoaded (0ms)
			ExecutionOrderSort2 (0ms)
			AwakeInstancesAfterBackupRestoration (11ms)
Platform modules already initialized, skipping
Refreshing native plugins compatible for Editor in 3.51 ms, found 3 plugins.
Preloading 0 native plugins for Editor in 0.00 ms.
Unloading 5191 Unused Serialized files (Serialized files now loaded: 0)
Unloading 38 unused Assets / (0.7 MB). Loaded Objects now: 5923.
Memory consumption went from 208.5 MB to 207.8 MB.
Total: 21.075600 ms (FindLiveObjects: 0.426000 ms CreateObjectMapping: 0.546500 ms MarkObjects: 19.466800 ms  DeleteObjects: 0.634400 ms)

AssetImportParameters requested are different than current active one (requested -> active):
  custom:video-decoder-ogg-theora: a1e56fd34408186e4bbccfd4996cb3dc -> 
  custom:container-muxer-webm: aa71ff27fc2769a1b78a27578f13a17b -> 
  custom:container-demuxer-webm: 4f35f7cbe854078d1ac9338744f61a02 -> 
  custom:video-encoder-webm-vp8: eb34c28f22e8b96e1ab97ce403110664 -> 
  custom:video-codec-MediaFoundation-h265: 746d11721c4dcdbdad8f713fa42b33f4 -> 
  custom:audio-encoder-webm-vorbis: bf7c407c2cedff20999df2af8eb42d56 -> 
  custom:framework-win-MediaFoundation: 216162199b28c13a410421893ffa2e32 -> 
  custom:container-demuxer-ogg: 62fdf1f143b41e24485cea50d1cbac27 -> 
  custom:video-decoder-webm-vp8: 9c59270c3fd7afecdb556c50c9e8de78 -> 
  custom:audio-decoder-ogg-vorbis: bf7c407c2cedff20999df2af8eb42d56 -> 
========================================================================
Received Import Request.
  Time since last request: 212.756506 seconds.
  path: Assets/Data/Prefabs/Doors/101 1.png
  artifactKey: Guid(ac6b560b176bd244e966ab0da59976c2) Importer(815301076,1909f56bfc062723c751e8b465ee728b)
Start importing Assets/Data/Prefabs/Doors/101 1.png using Guid(ac6b560b176bd244e966ab0da59976c2) Importer(815301076,1909f56bfc062723c751e8b465ee728b)  -> (artifact id: '5dbff293fa7b263eb0076b1626d35d56') in 0.089458 seconds 
========================================================================
Received Import Request.
  Time since last request: 13.384095 seconds.
  path: Assets/Data/Prefabs/Doors/101 1.png
  artifactKey: Guid(ac6b560b176bd244e966ab0da59976c2) Importer(815301076,1909f56bfc062723c751e8b465ee728b)
Start importing Assets/Data/Prefabs/Doors/101 1.png using Guid(ac6b560b176bd244e966ab0da59976c2) Importer(815301076,1909f56bfc062723c751e8b465ee728b)  -> (artifact id: 'f18827a36414330860964bc0491381e1') in 0.083233 seconds 
========================================================================
Received Prepare
Registering precompiled user dll's ...
Registered in 0.013153 seconds.
Begin MonoManager ReloadAssembly
Symbol file LoadedFromMemory doesn't match image C:\Projects\Unity\The Invitation\Sistemas-de-Entrertenimento\Library\PackageCache\com.unity.visualscripting@1.7.8\Editor\VisualScripting.Core\Dependencies\YamlDotNet\Unity.VisualScripting.YamlDotNet.dll
Symbol file LoadedFromMemory doesn't match image C:\Projects\Unity\The Invitation\Sistemas-de-Entrertenimento\Library\PackageCache\com.unity.visualscripting@1.7.8\Editor\VisualScripting.Core\Dependencies\DotNetZip\Unity.VisualScripting.IonicZip.dll
Native extension for WindowsStandalone target not found
Refreshing native plugins compatible for Editor in 1.13 ms, found 3 plugins.
Preloading 0 native plugins for Editor in 0.00 ms.
Mono: successfully reloaded assembly
- Completed reload, in  1.817 seconds
Domain Reload Profiling:
	ReloadAssembly (1818ms)
		BeginReloadAssembly (165ms)
			ExecutionOrderSort (0ms)
			DisableScriptedObjects (6ms)
			BackupInstance (0ms)
			ReleaseScriptingObjects (0ms)
			CreateAndSetChildDomain (59ms)
		EndReloadAssembly (1547ms)
			LoadAssemblies (121ms)
			RebuildTransferFunctionScriptingTraits (0ms)
			SetupTypeCache (316ms)
			ReleaseScriptCaches (3ms)
			RebuildScriptCaches (54ms)
			SetupLoadedEditorAssemblies (964ms)
				LogAssemblyErrors (0ms)
				InitializePlatformSupportModulesInManaged (12ms)
				SetLoadedEditorAssemblies (1ms)
				RefreshPlugins (1ms)
				BeforeProcessingInitializeOnLoad (95ms)
				ProcessInitializeOnLoadAttributes (587ms)
				ProcessInitializeOnLoadMethodAttributes (260ms)
				AfterProcessingInitializeOnLoad (9ms)
				EditorAssembliesLoaded (0ms)
			ExecutionOrderSort2 (0ms)
			AwakeInstancesAfterBackupRestoration (13ms)
Platform modules already initialized, skipping
Refreshing native plugins compatible for Editor in 3.72 ms, found 3 plugins.
Preloading 0 native plugins for Editor in 0.00 ms.
Unloading 5192 Unused Serialized files (Serialized files now loaded: 0)
Unloading 38 unused Assets / (0.7 MB). Loaded Objects now: 5929.
Memory consumption went from 208.6 MB to 207.9 MB.
Total: 27.382200 ms (FindLiveObjects: 1.049200 ms CreateObjectMapping: 0.594600 ms MarkObjects: 24.959300 ms  DeleteObjects: 0.776800 ms)

AssetImportParameters requested are different than current active one (requested -> active):
  custom:video-decoder-ogg-theora: a1e56fd34408186e4bbccfd4996cb3dc -> 
  custom:container-muxer-webm: aa71ff27fc2769a1b78a27578f13a17b -> 
  custom:container-demuxer-webm: 4f35f7cbe854078d1ac9338744f61a02 -> 
  custom:video-encoder-webm-vp8: eb34c28f22e8b96e1ab97ce403110664 -> 
  custom:video-codec-MediaFoundation-h265: 746d11721c4dcdbdad8f713fa42b33f4 -> 
  custom:audio-encoder-webm-vorbis: bf7c407c2cedff20999df2af8eb42d56 -> 
  custom:framework-win-MediaFoundation: 216162199b28c13a410421893ffa2e32 -> 
  custom:container-demuxer-ogg: 62fdf1f143b41e24485cea50d1cbac27 -> 
  custom:video-decoder-webm-vp8: 9c59270c3fd7afecdb556c50c9e8de78 -> 
  custom:audio-decoder-ogg-vorbis: bf7c407c2cedff20999df2af8eb42d56 -> 
========================================================================
Received Import Request.
  Time since last request: 148.093283 seconds.
  path: Assets/Data/Prefabs/Doors/101.png
  artifactKey: Guid(ac6b560b176bd244e966ab0da59976c2) Importer(815301076,1909f56bfc062723c751e8b465ee728b)
Start importing Assets/Data/Prefabs/Doors/101.png using Guid(ac6b560b176bd244e966ab0da59976c2) Importer(815301076,1909f56bfc062723c751e8b465ee728b)  -> (artifact id: '0cf6b87fec7579a7ccfc175dbb1f318c') in 0.096447 seconds 
========================================================================
Received Import Request.
  Time since last request: 7.914522 seconds.
  path: Assets/Data/Prefabs/Doors/102.png
  artifactKey: Guid(cc48b6ec2700df84ba62a8857a98c792) Importer(815301076,1909f56bfc062723c751e8b465ee728b)
Start importing Assets/Data/Prefabs/Doors/102.png using Guid(cc48b6ec2700df84ba62a8857a98c792) Importer(815301076,1909f56bfc062723c751e8b465ee728b)  -> (artifact id: '2927d2ea104ddaa505f8b60db536ce8c') in 0.017719 seconds 
========================================================================
Received Import Request.
  Time since last request: 0.000027 seconds.
  path: Assets/Data/Prefabs/Doors/104.png
  artifactKey: Guid(0b68ba501ce5e15439a4ec0f14e8a676) Importer(815301076,1909f56bfc062723c751e8b465ee728b)
Start importing Assets/Data/Prefabs/Doors/104.png using Guid(0b68ba501ce5e15439a4ec0f14e8a676) Importer(815301076,1909f56bfc062723c751e8b465ee728b)  -> (artifact id: '3fd017b412176f00807d987edc7bd781') in 0.020404 seconds 
========================================================================
Received Import Request.
  Time since last request: 10.475270 seconds.
  path: Assets/Data/Prefabs/Doors/102.png
  artifactKey: Guid(cc48b6ec2700df84ba62a8857a98c792) Importer(815301076,1909f56bfc062723c751e8b465ee728b)
Start importing Assets/Data/Prefabs/Doors/102.png using Guid(cc48b6ec2700df84ba62a8857a98c792) Importer(815301076,1909f56bfc062723c751e8b465ee728b)  -> (artifact id: '953b5ab77ca6d119822076b6b3615d0f') in 0.066423 seconds 
========================================================================
Received Import Request.
  Time since last request: 0.000022 seconds.
  path: Assets/Data/Prefabs/Doors/104.png
  artifactKey: Guid(0b68ba501ce5e15439a4ec0f14e8a676) Importer(815301076,1909f56bfc062723c751e8b465ee728b)
Start importing Assets/Data/Prefabs/Doors/104.png using Guid(0b68ba501ce5e15439a4ec0f14e8a676) Importer(815301076,1909f56bfc062723c751e8b465ee728b)  -> (artifact id: '596f986088946a0bd8e7163b32c59507') in 0.052949 seconds 
========================================================================
Received Prepare
Registering precompiled user dll's ...
Registered in 0.011469 seconds.
Begin MonoManager ReloadAssembly
Symbol file LoadedFromMemory doesn't match image C:\Projects\Unity\The Invitation\Sistemas-de-Entrertenimento\Library\PackageCache\com.unity.visualscripting@1.7.8\Editor\VisualScripting.Core\Dependencies\YamlDotNet\Unity.VisualScripting.YamlDotNet.dll
Symbol file LoadedFromMemory doesn't match image C:\Projects\Unity\The Invitation\Sistemas-de-Entrertenimento\Library\PackageCache\com.unity.visualscripting@1.7.8\Editor\VisualScripting.Core\Dependencies\DotNetZip\Unity.VisualScripting.IonicZip.dll
Native extension for WindowsStandalone target not found
Refreshing native plugins compatible for Editor in 1.69 ms, found 3 plugins.
Preloading 0 native plugins for Editor in 0.00 ms.
Mono: successfully reloaded assembly
- Completed reload, in  1.863 seconds
Domain Reload Profiling:
	ReloadAssembly (1864ms)
		BeginReloadAssembly (165ms)
			ExecutionOrderSort (0ms)
			DisableScriptedObjects (6ms)
			BackupInstance (0ms)
			ReleaseScriptingObjects (0ms)
			CreateAndSetChildDomain (62ms)
		EndReloadAssembly (1598ms)
			LoadAssemblies (111ms)
			RebuildTransferFunctionScriptingTraits (0ms)
			SetupTypeCache (324ms)
			ReleaseScriptCaches (2ms)
			RebuildScriptCaches (54ms)
			SetupLoadedEditorAssemblies (1007ms)
				LogAssemblyErrors (0ms)
				InitializePlatformSupportModulesInManaged (13ms)
				SetLoadedEditorAssemblies (1ms)
				RefreshPlugins (2ms)
				BeforeProcessingInitializeOnLoad (101ms)
				ProcessInitializeOnLoadAttributes (615ms)
				ProcessInitializeOnLoadMethodAttributes (267ms)
				AfterProcessingInitializeOnLoad (8ms)
				EditorAssembliesLoaded (0ms)
			ExecutionOrderSort2 (0ms)
			AwakeInstancesAfterBackupRestoration (14ms)
Platform modules already initialized, skipping
Refreshing native plugins compatible for Editor in 4.99 ms, found 3 plugins.
Preloading 0 native plugins for Editor in 0.00 ms.
Unloading 5192 Unused Serialized files (Serialized files now loaded: 0)
Unloading 38 unused Assets / (0.7 MB). Loaded Objects now: 5932.
Memory consumption went from 208.6 MB to 207.9 MB.
Total: 22.185000 ms (FindLiveObjects: 0.659200 ms CreateObjectMapping: 0.442200 ms MarkObjects: 20.531400 ms  DeleteObjects: 0.550000 ms)

AssetImportParameters requested are different than current active one (requested -> active):
  custom:video-decoder-ogg-theora: a1e56fd34408186e4bbccfd4996cb3dc -> 
  custom:container-muxer-webm: aa71ff27fc2769a1b78a27578f13a17b -> 
  custom:container-demuxer-webm: 4f35f7cbe854078d1ac9338744f61a02 -> 
  custom:video-encoder-webm-vp8: eb34c28f22e8b96e1ab97ce403110664 -> 
  custom:video-codec-MediaFoundation-h265: 746d11721c4dcdbdad8f713fa42b33f4 -> 
  custom:audio-encoder-webm-vorbis: bf7c407c2cedff20999df2af8eb42d56 -> 
  custom:framework-win-MediaFoundation: 216162199b28c13a410421893ffa2e32 -> 
  custom:container-demuxer-ogg: 62fdf1f143b41e24485cea50d1cbac27 -> 
  custom:video-decoder-webm-vp8: 9c59270c3fd7afecdb556c50c9e8de78 -> 
  custom:audio-decoder-ogg-vorbis: bf7c407c2cedff20999df2af8eb42d56 -> 
========================================================================
Received Prepare
Registering precompiled user dll's ...
Registered in 0.011838 seconds.
Begin MonoManager ReloadAssembly
Symbol file LoadedFromMemory doesn't match image C:\Projects\Unity\The Invitation\Sistemas-de-Entrertenimento\Library\PackageCache\com.unity.visualscripting@1.7.8\Editor\VisualScripting.Core\Dependencies\YamlDotNet\Unity.VisualScripting.YamlDotNet.dll
Symbol file LoadedFromMemory doesn't match image C:\Projects\Unity\The Invitation\Sistemas-de-Entrertenimento\Library\PackageCache\com.unity.visualscripting@1.7.8\Editor\VisualScripting.Core\Dependencies\DotNetZip\Unity.VisualScripting.IonicZip.dll
Native extension for WindowsStandalone target not found
Refreshing native plugins compatible for Editor in 1.08 ms, found 3 plugins.
Preloading 0 native plugins for Editor in 0.00 ms.
Mono: successfully reloaded assembly
- Completed reload, in  1.769 seconds
Domain Reload Profiling:
	ReloadAssembly (1769ms)
		BeginReloadAssembly (154ms)
			ExecutionOrderSort (0ms)
			DisableScriptedObjects (6ms)
			BackupInstance (0ms)
			ReleaseScriptingObjects (0ms)
			CreateAndSetChildDomain (62ms)
		EndReloadAssembly (1508ms)
			LoadAssemblies (91ms)
			RebuildTransferFunctionScriptingTraits (0ms)
			SetupTypeCache (318ms)
			ReleaseScriptCaches (2ms)
			RebuildScriptCaches (54ms)
			SetupLoadedEditorAssemblies (951ms)
				LogAssemblyErrors (0ms)
				InitializePlatformSupportModulesInManaged (13ms)
				SetLoadedEditorAssemblies (0ms)
				RefreshPlugins (1ms)
				BeforeProcessingInitializeOnLoad (93ms)
				ProcessInitializeOnLoadAttributes (584ms)
				ProcessInitializeOnLoadMethodAttributes (253ms)
				AfterProcessingInitializeOnLoad (7ms)
				EditorAssembliesLoaded (0ms)
			ExecutionOrderSort2 (0ms)
			AwakeInstancesAfterBackupRestoration (16ms)
Platform modules already initialized, skipping
Refreshing native plugins compatible for Editor in 4.60 ms, found 3 plugins.
Preloading 0 native plugins for Editor in 0.00 ms.
Unloading 5192 Unused Serialized files (Serialized files now loaded: 0)
Unloading 38 unused Assets / (0.7 MB). Loaded Objects now: 5935.
Memory consumption went from 208.7 MB to 208.0 MB.
Total: 19.509200 ms (FindLiveObjects: 0.486800 ms CreateObjectMapping: 0.258000 ms MarkObjects: 18.340600 ms  DeleteObjects: 0.422200 ms)

AssetImportParameters requested are different than current active one (requested -> active):
  custom:video-decoder-ogg-theora: a1e56fd34408186e4bbccfd4996cb3dc -> 
  custom:container-muxer-webm: aa71ff27fc2769a1b78a27578f13a17b -> 
  custom:container-demuxer-webm: 4f35f7cbe854078d1ac9338744f61a02 -> 
  custom:video-encoder-webm-vp8: eb34c28f22e8b96e1ab97ce403110664 -> 
  custom:video-codec-MediaFoundation-h265: 746d11721c4dcdbdad8f713fa42b33f4 -> 
  custom:audio-encoder-webm-vorbis: bf7c407c2cedff20999df2af8eb42d56 -> 
  custom:framework-win-MediaFoundation: 216162199b28c13a410421893ffa2e32 -> 
  custom:container-demuxer-ogg: 62fdf1f143b41e24485cea50d1cbac27 -> 
  custom:video-decoder-webm-vp8: 9c59270c3fd7afecdb556c50c9e8de78 -> 
  custom:audio-decoder-ogg-vorbis: bf7c407c2cedff20999df2af8eb42d56 -> 
========================================================================
Received Prepare
Registering precompiled user dll's ...
Registered in 0.013540 seconds.
Begin MonoManager ReloadAssembly
Symbol file LoadedFromMemory doesn't match image C:\Projects\Unity\The Invitation\Sistemas-de-Entrertenimento\Library\PackageCache\com.unity.visualscripting@1.7.8\Editor\VisualScripting.Core\Dependencies\YamlDotNet\Unity.VisualScripting.YamlDotNet.dll
Symbol file LoadedFromMemory doesn't match image C:\Projects\Unity\The Invitation\Sistemas-de-Entrertenimento\Library\PackageCache\com.unity.visualscripting@1.7.8\Editor\VisualScripting.Core\Dependencies\DotNetZip\Unity.VisualScripting.IonicZip.dll
Native extension for WindowsStandalone target not found
Refreshing native plugins compatible for Editor in 1.32 ms, found 3 plugins.
Preloading 0 native plugins for Editor in 0.00 ms.
Mono: successfully reloaded assembly
- Completed reload, in  1.802 seconds
Domain Reload Profiling:
	ReloadAssembly (1803ms)
		BeginReloadAssembly (156ms)
			ExecutionOrderSort (0ms)
			DisableScriptedObjects (7ms)
			BackupInstance (0ms)
			ReleaseScriptingObjects (0ms)
			CreateAndSetChildDomain (64ms)
		EndReloadAssembly (1548ms)
			LoadAssemblies (99ms)
			RebuildTransferFunctionScriptingTraits (0ms)
			SetupTypeCache (296ms)
			ReleaseScriptCaches (3ms)
			RebuildScriptCaches (53ms)
			SetupLoadedEditorAssemblies (996ms)
				LogAssemblyErrors (0ms)
				InitializePlatformSupportModulesInManaged (12ms)
				SetLoadedEditorAssemblies (1ms)
				RefreshPlugins (1ms)
				BeforeProcessingInitializeOnLoad (94ms)
				ProcessInitializeOnLoadAttributes (615ms)
				ProcessInitializeOnLoadMethodAttributes (265ms)
				AfterProcessingInitializeOnLoad (8ms)
				EditorAssembliesLoaded (0ms)
			ExecutionOrderSort2 (0ms)
			AwakeInstancesAfterBackupRestoration (13ms)
Platform modules already initialized, skipping
Refreshing native plugins compatible for Editor in 5.43 ms, found 3 plugins.
Preloading 0 native plugins for Editor in 0.00 ms.
Unloading 5192 Unused Serialized files (Serialized files now loaded: 0)
Unloading 38 unused Assets / (0.7 MB). Loaded Objects now: 5938.
Memory consumption went from 208.7 MB to 208.0 MB.
Total: 23.600400 ms (FindLiveObjects: 0.606000 ms CreateObjectMapping: 0.441200 ms MarkObjects: 21.879400 ms  DeleteObjects: 0.672000 ms)

AssetImportParameters requested are different than current active one (requested -> active):
  custom:video-decoder-ogg-theora: a1e56fd34408186e4bbccfd4996cb3dc -> 
  custom:container-muxer-webm: aa71ff27fc2769a1b78a27578f13a17b -> 
  custom:container-demuxer-webm: 4f35f7cbe854078d1ac9338744f61a02 -> 
  custom:video-encoder-webm-vp8: eb34c28f22e8b96e1ab97ce403110664 -> 
  custom:video-codec-MediaFoundation-h265: 746d11721c4dcdbdad8f713fa42b33f4 -> 
  custom:audio-encoder-webm-vorbis: bf7c407c2cedff20999df2af8eb42d56 -> 
  custom:framework-win-MediaFoundation: 216162199b28c13a410421893ffa2e32 -> 
  custom:container-demuxer-ogg: 62fdf1f143b41e24485cea50d1cbac27 -> 
  custom:video-decoder-webm-vp8: 9c59270c3fd7afecdb556c50c9e8de78 -> 
  custom:audio-decoder-ogg-vorbis: bf7c407c2cedff20999df2af8eb42d56 -> 
========================================================================
Received Import Request.
  Time since last request: 371.381264 seconds.
  path: Assets/Data/Prefabs/Doors/105.png
  artifactKey: Guid(5e33c479bc520bd4c83c04e11d8e3f8f) Importer(815301076,1909f56bfc062723c751e8b465ee728b)
Start importing Assets/Data/Prefabs/Doors/105.png using Guid(5e33c479bc520bd4c83c04e11d8e3f8f) Importer(815301076,1909f56bfc062723c751e8b465ee728b)  -> (artifact id: 'edafac8cda95c3b1cb441f39c884fedc') in 0.086397 seconds 
========================================================================
Received Import Request.
  Time since last request: 0.000046 seconds.
  path: Assets/Data/Prefabs/Doors/108.png
  artifactKey: Guid(5e19a57f5d391664a960c45c1c4de7ba) Importer(815301076,1909f56bfc062723c751e8b465ee728b)
Start importing Assets/Data/Prefabs/Doors/108.png using Guid(5e19a57f5d391664a960c45c1c4de7ba) Importer(815301076,1909f56bfc062723c751e8b465ee728b)  -> (artifact id: 'e49e1a8d9d9d511ad450a6bdd3d9a3ec') in 0.026488 seconds 
========================================================================
Received Import Request.
  Time since last request: 0.000043 seconds.
  path: Assets/Data/Prefabs/Doors/107.png
  artifactKey: Guid(db0e6a3bd26338848b4be1fd17f9ebc5) Importer(815301076,1909f56bfc062723c751e8b465ee728b)
Start importing Assets/Data/Prefabs/Doors/107.png using Guid(db0e6a3bd26338848b4be1fd17f9ebc5) Importer(815301076,1909f56bfc062723c751e8b465ee728b)  -> (artifact id: 'd979ce8aa731fc1a6538c46b7658312e') in 0.020939 seconds 
========================================================================
Received Import Request.
  Time since last request: 9.315223 seconds.
  path: Assets/Data/Prefabs/Doors/105.png
  artifactKey: Guid(5e33c479bc520bd4c83c04e11d8e3f8f) Importer(815301076,1909f56bfc062723c751e8b465ee728b)
Start importing Assets/Data/Prefabs/Doors/105.png using Guid(5e33c479bc520bd4c83c04e11d8e3f8f) Importer(815301076,1909f56bfc062723c751e8b465ee728b)  -> (artifact id: 'c7fe0dc46cccc18c81080faf7942368e') in 0.100085 seconds 
========================================================================
Received Import Request.
  Time since last request: 0.000044 seconds.
  path: Assets/Data/Prefabs/Doors/door_open.png
  artifactKey: Guid(66a1acdfd106c0145863dc612e295f87) Importer(815301076,1909f56bfc062723c751e8b465ee728b)
Start importing Assets/Data/Prefabs/Doors/door_open.png using Guid(66a1acdfd106c0145863dc612e295f87) Importer(815301076,1909f56bfc062723c751e8b465ee728b)  -> (artifact id: '0a0466c19172548d4d221d0b6acf5ab0') in 0.069894 seconds 
========================================================================
Received Prepare
Registering precompiled user dll's ...
Registered in 0.012062 seconds.
Begin MonoManager ReloadAssembly
Symbol file LoadedFromMemory doesn't match image C:\Projects\Unity\The Invitation\Sistemas-de-Entrertenimento\Library\PackageCache\com.unity.visualscripting@1.7.8\Editor\VisualScripting.Core\Dependencies\YamlDotNet\Unity.VisualScripting.YamlDotNet.dll
Symbol file LoadedFromMemory doesn't match image C:\Projects\Unity\The Invitation\Sistemas-de-Entrertenimento\Library\PackageCache\com.unity.visualscripting@1.7.8\Editor\VisualScripting.Core\Dependencies\DotNetZip\Unity.VisualScripting.IonicZip.dll
Native extension for WindowsStandalone target not found
Refreshing native plugins compatible for Editor in 2.41 ms, found 3 plugins.
Preloading 0 native plugins for Editor in 0.00 ms.
Mono: successfully reloaded assembly
- Completed reload, in  2.031 seconds
Domain Reload Profiling:
	ReloadAssembly (2032ms)
		BeginReloadAssembly (179ms)
			ExecutionOrderSort (0ms)
			DisableScriptedObjects (7ms)
			BackupInstance (0ms)
			ReleaseScriptingObjects (0ms)
			CreateAndSetChildDomain (76ms)
		EndReloadAssembly (1753ms)
			LoadAssemblies (121ms)
			RebuildTransferFunctionScriptingTraits (0ms)
			SetupTypeCache (348ms)
			ReleaseScriptCaches (2ms)
			RebuildScriptCaches (51ms)
			SetupLoadedEditorAssemblies (1113ms)
				LogAssemblyErrors (0ms)
				InitializePlatformSupportModulesInManaged (12ms)
				SetLoadedEditorAssemblies (1ms)
				RefreshPlugins (2ms)
				BeforeProcessingInitializeOnLoad (103ms)
				ProcessInitializeOnLoadAttributes (656ms)
				ProcessInitializeOnLoadMethodAttributes (329ms)
				AfterProcessingInitializeOnLoad (9ms)
				EditorAssembliesLoaded (0ms)
			ExecutionOrderSort2 (0ms)
			AwakeInstancesAfterBackupRestoration (18ms)
Platform modules already initialized, skipping
Refreshing native plugins compatible for Editor in 5.61 ms, found 3 plugins.
Preloading 0 native plugins for Editor in 0.00 ms.
Unloading 5192 Unused Serialized files (Serialized files now loaded: 0)
Unloading 38 unused Assets / (0.7 MB). Loaded Objects now: 5941.
Memory consumption went from 208.7 MB to 208.0 MB.
Total: 22.089000 ms (FindLiveObjects: 0.782000 ms CreateObjectMapping: 0.493000 ms MarkObjects: 20.339000 ms  DeleteObjects: 0.473000 ms)

AssetImportParameters requested are different than current active one (requested -> active):
  custom:video-decoder-ogg-theora: a1e56fd34408186e4bbccfd4996cb3dc -> 
  custom:container-muxer-webm: aa71ff27fc2769a1b78a27578f13a17b -> 
  custom:container-demuxer-webm: 4f35f7cbe854078d1ac9338744f61a02 -> 
  custom:video-encoder-webm-vp8: eb34c28f22e8b96e1ab97ce403110664 -> 
  custom:video-codec-MediaFoundation-h265: 746d11721c4dcdbdad8f713fa42b33f4 -> 
  custom:audio-encoder-webm-vorbis: bf7c407c2cedff20999df2af8eb42d56 -> 
  custom:framework-win-MediaFoundation: 216162199b28c13a410421893ffa2e32 -> 
  custom:container-demuxer-ogg: 62fdf1f143b41e24485cea50d1cbac27 -> 
  custom:video-decoder-webm-vp8: 9c59270c3fd7afecdb556c50c9e8de78 -> 
  custom:audio-decoder-ogg-vorbis: bf7c407c2cedff20999df2af8eb42d56 -> 
========================================================================
Received Prepare
Registering precompiled user dll's ...
Registered in 0.011568 seconds.
Begin MonoManager ReloadAssembly
Symbol file LoadedFromMemory doesn't match image C:\Projects\Unity\The Invitation\Sistemas-de-Entrertenimento\Library\PackageCache\com.unity.visualscripting@1.7.8\Editor\VisualScripting.Core\Dependencies\YamlDotNet\Unity.VisualScripting.YamlDotNet.dll
Symbol file LoadedFromMemory doesn't match image C:\Projects\Unity\The Invitation\Sistemas-de-Entrertenimento\Library\PackageCache\com.unity.visualscripting@1.7.8\Editor\VisualScripting.Core\Dependencies\DotNetZip\Unity.VisualScripting.IonicZip.dll
Native extension for WindowsStandalone target not found
Refreshing native plugins compatible for Editor in 1.75 ms, found 3 plugins.
Preloading 0 native plugins for Editor in 0.00 ms.
Mono: successfully reloaded assembly
- Completed reload, in  1.804 seconds
Domain Reload Profiling:
	ReloadAssembly (1805ms)
		BeginReloadAssembly (155ms)
			ExecutionOrderSort (0ms)
			DisableScriptedObjects (6ms)
			BackupInstance (0ms)
			ReleaseScriptingObjects (0ms)
			CreateAndSetChildDomain (56ms)
		EndReloadAssembly (1547ms)
			LoadAssemblies (103ms)
			RebuildTransferFunctionScriptingTraits (0ms)
			SetupTypeCache (306ms)
			ReleaseScriptCaches (3ms)
			RebuildScriptCaches (52ms)
			SetupLoadedEditorAssemblies (987ms)
				LogAssemblyErrors (0ms)
				InitializePlatformSupportModulesInManaged (14ms)
				SetLoadedEditorAssemblies (1ms)
				RefreshPlugins (2ms)
				BeforeProcessingInitializeOnLoad (107ms)
				ProcessInitializeOnLoadAttributes (610ms)
				ProcessInitializeOnLoadMethodAttributes (245ms)
				AfterProcessingInitializeOnLoad (8ms)
				EditorAssembliesLoaded (0ms)
			ExecutionOrderSort2 (0ms)
			AwakeInstancesAfterBackupRestoration (13ms)
Platform modules already initialized, skipping
Refreshing native plugins compatible for Editor in 5.68 ms, found 3 plugins.
Preloading 0 native plugins for Editor in 0.00 ms.
Unloading 5192 Unused Serialized files (Serialized files now loaded: 0)
Unloading 38 unused Assets / (0.7 MB). Loaded Objects now: 5944.
Memory consumption went from 208.7 MB to 208.0 MB.
Total: 25.477800 ms (FindLiveObjects: 0.647700 ms CreateObjectMapping: 0.489500 ms MarkObjects: 23.721700 ms  DeleteObjects: 0.617400 ms)

AssetImportParameters requested are different than current active one (requested -> active):
  custom:video-decoder-ogg-theora: a1e56fd34408186e4bbccfd4996cb3dc -> 
  custom:container-muxer-webm: aa71ff27fc2769a1b78a27578f13a17b -> 
  custom:container-demuxer-webm: 4f35f7cbe854078d1ac9338744f61a02 -> 
  custom:video-encoder-webm-vp8: eb34c28f22e8b96e1ab97ce403110664 -> 
  custom:video-codec-MediaFoundation-h265: 746d11721c4dcdbdad8f713fa42b33f4 -> 
  custom:audio-encoder-webm-vorbis: bf7c407c2cedff20999df2af8eb42d56 -> 
  custom:framework-win-MediaFoundation: 216162199b28c13a410421893ffa2e32 -> 
  custom:container-demuxer-ogg: 62fdf1f143b41e24485cea50d1cbac27 -> 
  custom:video-decoder-webm-vp8: 9c59270c3fd7afecdb556c50c9e8de78 -> 
  custom:audio-decoder-ogg-vorbis: bf7c407c2cedff20999df2af8eb42d56 -> 
========================================================================
Received Prepare
Registering precompiled user dll's ...
Registered in 0.012888 seconds.
Begin MonoManager ReloadAssembly
Symbol file LoadedFromMemory doesn't match image C:\Projects\Unity\The Invitation\Sistemas-de-Entrertenimento\Library\PackageCache\com.unity.visualscripting@1.7.8\Editor\VisualScripting.Core\Dependencies\YamlDotNet\Unity.VisualScripting.YamlDotNet.dll
Symbol file LoadedFromMemory doesn't match image C:\Projects\Unity\The Invitation\Sistemas-de-Entrertenimento\Library\PackageCache\com.unity.visualscripting@1.7.8\Editor\VisualScripting.Core\Dependencies\DotNetZip\Unity.VisualScripting.IonicZip.dll
Native extension for WindowsStandalone target not found
Refreshing native plugins compatible for Editor in 1.56 ms, found 3 plugins.
Preloading 0 native plugins for Editor in 0.00 ms.
Mono: successfully reloaded assembly
- Completed reload, in  1.733 seconds
Domain Reload Profiling:
	ReloadAssembly (1733ms)
		BeginReloadAssembly (151ms)
			ExecutionOrderSort (0ms)
			DisableScriptedObjects (6ms)
			BackupInstance (0ms)
			ReleaseScriptingObjects (0ms)
			CreateAndSetChildDomain (58ms)
		EndReloadAssembly (1486ms)
			LoadAssemblies (95ms)
			RebuildTransferFunctionScriptingTraits (0ms)
			SetupTypeCache (310ms)
			ReleaseScriptCaches (2ms)
			RebuildScriptCaches (50ms)
			SetupLoadedEditorAssemblies (941ms)
				LogAssemblyErrors (0ms)
				InitializePlatformSupportModulesInManaged (12ms)
				SetLoadedEditorAssemblies (1ms)
				RefreshPlugins (2ms)
				BeforeProcessingInitializeOnLoad (97ms)
				ProcessInitializeOnLoadAttributes (579ms)
				ProcessInitializeOnLoadMethodAttributes (244ms)
				AfterProcessingInitializeOnLoad (7ms)
				EditorAssembliesLoaded (0ms)
			ExecutionOrderSort2 (0ms)
			AwakeInstancesAfterBackupRestoration (13ms)
Platform modules already initialized, skipping
Refreshing native plugins compatible for Editor in 4.78 ms, found 3 plugins.
Preloading 0 native plugins for Editor in 0.00 ms.
Unloading 5192 Unused Serialized files (Serialized files now loaded: 0)
Unloading 38 unused Assets / (0.7 MB). Loaded Objects now: 5947.
Memory consumption went from 208.7 MB to 208.0 MB.
Total: 19.932100 ms (FindLiveObjects: 0.514400 ms CreateObjectMapping: 0.269700 ms MarkObjects: 18.543900 ms  DeleteObjects: 0.602200 ms)

AssetImportParameters requested are different than current active one (requested -> active):
  custom:video-decoder-ogg-theora: a1e56fd34408186e4bbccfd4996cb3dc -> 
  custom:container-muxer-webm: aa71ff27fc2769a1b78a27578f13a17b -> 
  custom:container-demuxer-webm: 4f35f7cbe854078d1ac9338744f61a02 -> 
  custom:video-encoder-webm-vp8: eb34c28f22e8b96e1ab97ce403110664 -> 
  custom:video-codec-MediaFoundation-h265: 746d11721c4dcdbdad8f713fa42b33f4 -> 
  custom:audio-encoder-webm-vorbis: bf7c407c2cedff20999df2af8eb42d56 -> 
  custom:framework-win-MediaFoundation: 216162199b28c13a410421893ffa2e32 -> 
  custom:container-demuxer-ogg: 62fdf1f143b41e24485cea50d1cbac27 -> 
  custom:video-decoder-webm-vp8: 9c59270c3fd7afecdb556c50c9e8de78 -> 
  custom:audio-decoder-ogg-vorbis: bf7c407c2cedff20999df2af8eb42d56 -> 
========================================================================
Received Import Request.
  Time since last request: 1427.802207 seconds.
  path: Assets/Data/Prefabs/Objects
  artifactKey: Guid(000857e0462075e40989467d2e87ebc0) Importer(815301076,1909f56bfc062723c751e8b465ee728b)
Start importing Assets/Data/Prefabs/Objects using Guid(000857e0462075e40989467d2e87ebc0) Importer(815301076,1909f56bfc062723c751e8b465ee728b)  -> (artifact id: '809dd2759d364cea3d6d900fe556d65e') in 0.016770 seconds 
========================================================================
Received Import Request.
  Time since last request: 5.483924 seconds.
  path: Assets/Data/Prefabs/Objects/table.fbx
  artifactKey: Guid(4fc99e3f1258c1549a264fd9957beb07) Importer(815301076,1909f56bfc062723c751e8b465ee728b)
Start importing Assets/Data/Prefabs/Objects/table.fbx using Guid(4fc99e3f1258c1549a264fd9957beb07) Importer(815301076,1909f56bfc062723c751e8b465ee728b)  -> (artifact id: '7fa036a11d51f710ad9086df49d72990') in 0.439800 seconds 
========================================================================
Received Import Request.
  Time since last request: 71.490492 seconds.
  path: Assets/Data/Materials/Material/Debug/Walls.mat
  artifactKey: Guid(a3ac9b2344f8c7c4e920b28022a243d0) Importer(815301076,1909f56bfc062723c751e8b465ee728b)
Start importing Assets/Data/Materials/Material/Debug/Walls.mat using Guid(a3ac9b2344f8c7c4e920b28022a243d0) Importer(815301076,1909f56bfc062723c751e8b465ee728b)  -> (artifact id: '1d2653c721530466d331ddf0120b9409') in 1.285102 seconds 
========================================================================
Received Import Request.
  Time since last request: 33.320822 seconds.
  path: Assets/Data/Materials/Material/Debug/level-2 1.mat
  artifactKey: Guid(2aa42162e2099084a9869d23253d125d) Importer(815301076,1909f56bfc062723c751e8b465ee728b)
Start importing Assets/Data/Materials/Material/Debug/level-2 1.mat using Guid(2aa42162e2099084a9869d23253d125d) Importer(815301076,1909f56bfc062723c751e8b465ee728b)  -> (artifact id: 'f267df6d97c368b944b21659ac9fa31a') in 0.029584 seconds 
========================================================================
Received Import Request.
  Time since last request: 4.951187 seconds.
  path: Assets/Data/Materials/Material/Debug/table.mat
  artifactKey: Guid(2aa42162e2099084a9869d23253d125d) Importer(815301076,1909f56bfc062723c751e8b465ee728b)
Start importing Assets/Data/Materials/Material/Debug/table.mat using Guid(2aa42162e2099084a9869d23253d125d) Importer(815301076,1909f56bfc062723c751e8b465ee728b)  -> (artifact id: 'a04879ab013a64b30564aed1e5295f09') in 0.016149 seconds 
========================================================================
Received Prepare
Registering precompiled user dll's ...
Registered in 0.010319 seconds.
Begin MonoManager ReloadAssembly
Symbol file LoadedFromMemory doesn't match image C:\Projects\Unity\The Invitation\Sistemas-de-Entrertenimento\Library\PackageCache\com.unity.visualscripting@1.7.8\Editor\VisualScripting.Core\Dependencies\YamlDotNet\Unity.VisualScripting.YamlDotNet.dll
Symbol file LoadedFromMemory doesn't match image C:\Projects\Unity\The Invitation\Sistemas-de-Entrertenimento\Library\PackageCache\com.unity.visualscripting@1.7.8\Editor\VisualScripting.Core\Dependencies\DotNetZip\Unity.VisualScripting.IonicZip.dll
Native extension for WindowsStandalone target not found
Refreshing native plugins compatible for Editor in 1.53 ms, found 3 plugins.
Preloading 0 native plugins for Editor in 0.00 ms.
Mono: successfully reloaded assembly
- Completed reload, in  1.842 seconds
Domain Reload Profiling:
	ReloadAssembly (1843ms)
		BeginReloadAssembly (174ms)
			ExecutionOrderSort (0ms)
			DisableScriptedObjects (9ms)
			BackupInstance (0ms)
			ReleaseScriptingObjects (0ms)
			CreateAndSetChildDomain (68ms)
		EndReloadAssembly (1549ms)
			LoadAssemblies (111ms)
			RebuildTransferFunctionScriptingTraits (0ms)
			SetupTypeCache (313ms)
			ReleaseScriptCaches (2ms)
			RebuildScriptCaches (53ms)
			SetupLoadedEditorAssemblies (977ms)
				LogAssemblyErrors (0ms)
				InitializePlatformSupportModulesInManaged (13ms)
				SetLoadedEditorAssemblies (1ms)
				RefreshPlugins (2ms)
				BeforeProcessingInitializeOnLoad (96ms)
				ProcessInitializeOnLoadAttributes (611ms)
				ProcessInitializeOnLoadMethodAttributes (247ms)
				AfterProcessingInitializeOnLoad (7ms)
				EditorAssembliesLoaded (0ms)
			ExecutionOrderSort2 (0ms)
			AwakeInstancesAfterBackupRestoration (13ms)
Platform modules already initialized, skipping
Refreshing native plugins compatible for Editor in 3.68 ms, found 3 plugins.
Preloading 0 native plugins for Editor in 0.00 ms.
Unloading 5191 Unused Serialized files (Serialized files now loaded: 0)
Unloading 38 unused Assets / (0.7 MB). Loaded Objects now: 5995.
Memory consumption went from 209.3 MB to 208.6 MB.
Total: 21.611400 ms (FindLiveObjects: 1.020500 ms CreateObjectMapping: 0.558800 ms MarkObjects: 19.598400 ms  DeleteObjects: 0.432600 ms)

AssetImportParameters requested are different than current active one (requested -> active):
  custom:video-decoder-ogg-theora: a1e56fd34408186e4bbccfd4996cb3dc -> 
  custom:container-muxer-webm: aa71ff27fc2769a1b78a27578f13a17b -> 
  custom:container-demuxer-webm: 4f35f7cbe854078d1ac9338744f61a02 -> 
  custom:video-encoder-webm-vp8: eb34c28f22e8b96e1ab97ce403110664 -> 
  custom:video-codec-MediaFoundation-h265: 746d11721c4dcdbdad8f713fa42b33f4 -> 
  custom:audio-encoder-webm-vorbis: bf7c407c2cedff20999df2af8eb42d56 -> 
  custom:framework-win-MediaFoundation: 216162199b28c13a410421893ffa2e32 -> 
  custom:container-demuxer-ogg: 62fdf1f143b41e24485cea50d1cbac27 -> 
  custom:video-decoder-webm-vp8: 9c59270c3fd7afecdb556c50c9e8de78 -> 
  custom:audio-decoder-ogg-vorbis: bf7c407c2cedff20999df2af8eb42d56 -> 
========================================================================
Received Import Request.
  Time since last request: 229.872433 seconds.
  path: Assets/Data/Materials/Material/Debug/table.mat
  artifactKey: Guid(2aa42162e2099084a9869d23253d125d) Importer(815301076,1909f56bfc062723c751e8b465ee728b)
Start importing Assets/Data/Materials/Material/Debug/table.mat using Guid(2aa42162e2099084a9869d23253d125d) Importer(815301076,1909f56bfc062723c751e8b465ee728b)  -> (artifact id: '880717aaba489e2f065837e2ebe159b0') in 0.216989 seconds 
========================================================================
Received Import Request.
  Time since last request: 59.814788 seconds.
  path: Assets/Mannequins/3dobjects
  artifactKey: Guid(eb10b58d86fe7e0459148fb4b8b01702) Importer(815301076,1909f56bfc062723c751e8b465ee728b)
Start importing Assets/Mannequins/3dobjects using Guid(eb10b58d86fe7e0459148fb4b8b01702) Importer(815301076,1909f56bfc062723c751e8b465ee728b)  -> (artifact id: '99f39d66bc0134eb8bf49cb8da462037') in 0.007387 seconds 
========================================================================
Received Import Request.
  Time since last request: 0.023898 seconds.
  path: Assets/Mannequins/3dobjects/schaufensterpuppen.fbx
  artifactKey: Guid(102db6f850173954d99b778f5a776fc6) Importer(815301076,1909f56bfc062723c751e8b465ee728b)
Start importing Assets/Mannequins/3dobjects/schaufensterpuppen.fbx using Guid(102db6f850173954d99b778f5a776fc6) Importer(815301076,1909f56bfc062723c751e8b465ee728b)  -> (artifact id: 'ad84f16bcc5dd66fdbbdc695990f601f') in 0.170016 seconds 
========================================================================
Received Import Request.
  Time since last request: 11.253377 seconds.
  path: Assets/Mannequins/Prefabs
  artifactKey: Guid(9be1903b08934214aae3009371633f9c) Importer(815301076,1909f56bfc062723c751e8b465ee728b)
Start importing Assets/Mannequins/Prefabs using Guid(9be1903b08934214aae3009371633f9c) Importer(815301076,1909f56bfc062723c751e8b465ee728b)  -> (artifact id: '1dc23507999a062462d39d98e6687ee5') in 0.006621 seconds 
========================================================================
Received Import Request.
  Time since last request: 0.046647 seconds.
  path: Assets/Mannequins/Prefabs/mannequin_01.prefab
  artifactKey: Guid(7d3e1e087a6fd684da2b08ef5c3fe259) Importer(815301076,1909f56bfc062723c751e8b465ee728b)
Start importing Assets/Mannequins/Prefabs/mannequin_01.prefab using Guid(7d3e1e087a6fd684da2b08ef5c3fe259) Importer(815301076,1909f56bfc062723c751e8b465ee728b)  -> (artifact id: '474eac27906e1666ce220b91f03b1c29') in 0.030154 seconds 
========================================================================
Received Import Request.
  Time since last request: 0.000047 seconds.
  path: Assets/Mannequins/Prefabs/mannequin_leg_right.prefab
  artifactKey: Guid(3fff0e6738c08c94c9749a0d9b51788a) Importer(815301076,1909f56bfc062723c751e8b465ee728b)
Start importing Assets/Mannequins/Prefabs/mannequin_leg_right.prefab using Guid(3fff0e6738c08c94c9749a0d9b51788a) Importer(815301076,1909f56bfc062723c751e8b465ee728b)  -> (artifact id: 'daf7011649e78006bdb7ac0e95bcdc85') in 0.025340 seconds 
========================================================================
Received Import Request.
  Time since last request: 0.000026 seconds.
  path: Assets/Mannequins/Prefabs/mannequin_arm_right_b.prefab
  artifactKey: Guid(0b4bd9c6bad3b194d82b7094560f3754) Importer(815301076,1909f56bfc062723c751e8b465ee728b)
Start importing Assets/Mannequins/Prefabs/mannequin_arm_right_b.prefab using Guid(0b4bd9c6bad3b194d82b7094560f3754) Importer(815301076,1909f56bfc062723c751e8b465ee728b)  -> (artifact id: '87978e17948bc8e8d56c67a1ee0c9fe8') in 0.023182 seconds 
========================================================================
Received Import Request.
  Time since last request: 0.000024 seconds.
  path: Assets/Mannequins/Prefabs/mannequin_head.prefab
  artifactKey: Guid(491553f8c15876841a3444d338a30f74) Importer(815301076,1909f56bfc062723c751e8b465ee728b)
Start importing Assets/Mannequins/Prefabs/mannequin_head.prefab using Guid(491553f8c15876841a3444d338a30f74) Importer(815301076,1909f56bfc062723c751e8b465ee728b)  -> (artifact id: '41ce3c1dd9f69b5263457af0d49f2481') in 0.023554 seconds 
========================================================================
Received Import Request.
  Time since last request: 0.000039 seconds.
  path: Assets/Mannequins/Prefabs/mannequin_03.prefab
  artifactKey: Guid(a27592729ba4d2c4fb327d29f1658d04) Importer(815301076,1909f56bfc062723c751e8b465ee728b)
Start importing Assets/Mannequins/Prefabs/mannequin_03.prefab using Guid(a27592729ba4d2c4fb327d29f1658d04) Importer(815301076,1909f56bfc062723c751e8b465ee728b)  -> (artifact id: '565ef607af62f5d8271bf6a0a3d1029e') in 0.024485 seconds 
========================================================================
Received Import Request.
  Time since last request: 0.000031 seconds.
  path: Assets/Mannequins/Prefabs/mannequin_arm_left_b.prefab
  artifactKey: Guid(49e68c4727aa20c4eb05f3620d528a13) Importer(815301076,1909f56bfc062723c751e8b465ee728b)
Start importing Assets/Mannequins/Prefabs/mannequin_arm_left_b.prefab using Guid(49e68c4727aa20c4eb05f3620d528a13) Importer(815301076,1909f56bfc062723c751e8b465ee728b)  -> (artifact id: '07b5177a35c644f941f6f7479d4787db') in 0.024397 seconds 
========================================================================
Received Import Request.
  Time since last request: 0.000028 seconds.
  path: Assets/Mannequins/Prefabs/mannequin_leg_left.prefab
  artifactKey: Guid(2b3a5459230037e47bcecf1adad18846) Importer(815301076,1909f56bfc062723c751e8b465ee728b)
Start importing Assets/Mannequins/Prefabs/mannequin_leg_left.prefab using Guid(2b3a5459230037e47bcecf1adad18846) Importer(815301076,1909f56bfc062723c751e8b465ee728b)  -> (artifact id: '3bbfa39da4fbd726a2268abdb938324a') in 0.024769 seconds 
========================================================================
Received Import Request.
  Time since last request: 0.000031 seconds.
  path: Assets/Mannequins/Prefabs/mannequin_04.prefab
  artifactKey: Guid(965fb1c4c175a8441acadb28285b4aca) Importer(815301076,1909f56bfc062723c751e8b465ee728b)
Start importing Assets/Mannequins/Prefabs/mannequin_04.prefab using Guid(965fb1c4c175a8441acadb28285b4aca) Importer(815301076,1909f56bfc062723c751e8b465ee728b)  -> (artifact id: '520e4bfa26b34824c39c9bf496c66a07') in 0.022683 seconds 
========================================================================
Received Import Request.
  Time since last request: 0.000045 seconds.
  path: Assets/Mannequins/Prefabs/mannequin_body.prefab
  artifactKey: Guid(b839fd53a43e21d4c9cecf64943ff895) Importer(815301076,1909f56bfc062723c751e8b465ee728b)
Start importing Assets/Mannequins/Prefabs/mannequin_body.prefab using Guid(b839fd53a43e21d4c9cecf64943ff895) Importer(815301076,1909f56bfc062723c751e8b465ee728b)  -> (artifact id: '658a01d395da1ad4c51c52c21e9783a9') in 0.024371 seconds 
========================================================================
Received Import Request.
  Time since last request: 0.000037 seconds.
  path: Assets/Mannequins/Prefabs/mannequin_arm_left_a.prefab
  artifactKey: Guid(546b99a4be32b6e489743c9f26ed2557) Importer(815301076,1909f56bfc062723c751e8b465ee728b)
Start importing Assets/Mannequins/Prefabs/mannequin_arm_left_a.prefab using Guid(546b99a4be32b6e489743c9f26ed2557) Importer(815301076,1909f56bfc062723c751e8b465ee728b)  -> (artifact id: '98894be0410ad4f36e46e5d85a9171e3') in 0.022347 seconds 
========================================================================
Received Import Request.
  Time since last request: 0.000034 seconds.
  path: Assets/Mannequins/Prefabs/mannequin_arm_right_a.prefab
  artifactKey: Guid(e609541a4bce7ea40b2388173e231764) Importer(815301076,1909f56bfc062723c751e8b465ee728b)
Start importing Assets/Mannequins/Prefabs/mannequin_arm_right_a.prefab using Guid(e609541a4bce7ea40b2388173e231764) Importer(815301076,1909f56bfc062723c751e8b465ee728b)  -> (artifact id: '22fd608ef248c7bd756404d6a01c8266') in 0.025057 seconds 
========================================================================
Received Import Request.
  Time since last request: 42.354189 seconds.
  path: Assets/Mannequins/Textures/schaufensterpuppen_spec.png
  artifactKey: Guid(e3c601abdd53cc747a798f2a75a95dcf) Importer(815301076,1909f56bfc062723c751e8b465ee728b)
Start importing Assets/Mannequins/Textures/schaufensterpuppen_spec.png using Guid(e3c601abdd53cc747a798f2a75a95dcf) Importer(815301076,1909f56bfc062723c751e8b465ee728b)  -> (artifact id: '753f89d5c6ad444d7b7f84f62f911e65') in 0.023632 seconds 
========================================================================
Received Import Request.
  Time since last request: 122.503661 seconds.
  path: Assets/Mannequins/Materials/schaufensterpuppen_spec.mat
  artifactKey: Guid(9685a92f1a4c0f746adf39bb281949e4) Importer(815301076,1909f56bfc062723c751e8b465ee728b)
Start importing Assets/Mannequins/Materials/schaufensterpuppen_spec.mat using Guid(9685a92f1a4c0f746adf39bb281949e4) Importer(815301076,1909f56bfc062723c751e8b465ee728b)  -> (artifact id: '7cf24a8be2a095254e3511eca3da0c75') in 0.017083 seconds 
========================================================================
Received Prepare
Registering precompiled user dll's ...
Registered in 0.011640 seconds.
Begin MonoManager ReloadAssembly
Symbol file LoadedFromMemory doesn't match image C:\Projects\Unity\The Invitation\Sistemas-de-Entrertenimento\Library\PackageCache\com.unity.visualscripting@1.7.8\Editor\VisualScripting.Core\Dependencies\YamlDotNet\Unity.VisualScripting.YamlDotNet.dll
Symbol file LoadedFromMemory doesn't match image C:\Projects\Unity\The Invitation\Sistemas-de-Entrertenimento\Library\PackageCache\com.unity.visualscripting@1.7.8\Editor\VisualScripting.Core\Dependencies\DotNetZip\Unity.VisualScripting.IonicZip.dll
Native extension for WindowsStandalone target not found
Refreshing native plugins compatible for Editor in 1.23 ms, found 3 plugins.
Preloading 0 native plugins for Editor in 0.00 ms.
Mono: successfully reloaded assembly
- Completed reload, in  1.882 seconds
Domain Reload Profiling:
	ReloadAssembly (1883ms)
		BeginReloadAssembly (172ms)
			ExecutionOrderSort (0ms)
			DisableScriptedObjects (8ms)
			BackupInstance (0ms)
			ReleaseScriptingObjects (0ms)
			CreateAndSetChildDomain (76ms)
		EndReloadAssembly (1615ms)
			LoadAssemblies (105ms)
			RebuildTransferFunctionScriptingTraits (0ms)
			SetupTypeCache (357ms)
			ReleaseScriptCaches (2ms)
			RebuildScriptCaches (60ms)
			SetupLoadedEditorAssemblies (985ms)
				LogAssemblyErrors (0ms)
				InitializePlatformSupportModulesInManaged (12ms)
				SetLoadedEditorAssemblies (0ms)
				RefreshPlugins (1ms)
				BeforeProcessingInitializeOnLoad (95ms)
				ProcessInitializeOnLoadAttributes (615ms)
				ProcessInitializeOnLoadMethodAttributes (254ms)
				AfterProcessingInitializeOnLoad (6ms)
				EditorAssembliesLoaded (0ms)
			ExecutionOrderSort2 (0ms)
			AwakeInstancesAfterBackupRestoration (14ms)
Platform modules already initialized, skipping
Refreshing native plugins compatible for Editor in 4.23 ms, found 3 plugins.
Preloading 0 native plugins for Editor in 0.00 ms.
Unloading 5191 Unused Serialized files (Serialized files now loaded: 0)
Unloading 38 unused Assets / (0.7 MB). Loaded Objects now: 6039.
Memory consumption went from 209.4 MB to 208.7 MB.
Total: 21.959800 ms (FindLiveObjects: 0.891000 ms CreateObjectMapping: 0.547700 ms MarkObjects: 20.000400 ms  DeleteObjects: 0.518900 ms)

AssetImportParameters requested are different than current active one (requested -> active):
  custom:video-decoder-ogg-theora: a1e56fd34408186e4bbccfd4996cb3dc -> 
  custom:container-muxer-webm: aa71ff27fc2769a1b78a27578f13a17b -> 
  custom:container-demuxer-webm: 4f35f7cbe854078d1ac9338744f61a02 -> 
  custom:video-encoder-webm-vp8: eb34c28f22e8b96e1ab97ce403110664 -> 
  custom:video-codec-MediaFoundation-h265: 746d11721c4dcdbdad8f713fa42b33f4 -> 
  custom:audio-encoder-webm-vorbis: bf7c407c2cedff20999df2af8eb42d56 -> 
  custom:framework-win-MediaFoundation: 216162199b28c13a410421893ffa2e32 -> 
  custom:container-demuxer-ogg: 62fdf1f143b41e24485cea50d1cbac27 -> 
  custom:video-decoder-webm-vp8: 9c59270c3fd7afecdb556c50c9e8de78 -> 
  custom:audio-decoder-ogg-vorbis: bf7c407c2cedff20999df2af8eb42d56 -> 
========================================================================
Received Import Request.
  Time since last request: 769.879477 seconds.
  path: Assets/Data/Prefabs/Objects/lady/Ch07_1001_Glossiness.png
  artifactKey: Guid(0bdfd3f4a6701c641bebac942ab46342) Importer(815301076,1909f56bfc062723c751e8b465ee728b)
Start importing Assets/Data/Prefabs/Objects/lady/Ch07_1001_Glossiness.png using Guid(0bdfd3f4a6701c641bebac942ab46342) Importer(815301076,1909f56bfc062723c751e8b465ee728b)  -> (artifact id: '57b789fe15a743499f3595d132eb20c3') in 0.067683 seconds 
========================================================================
Received Import Request.
  Time since last request: 0.000023 seconds.
  path: Assets/Data/Prefabs/Objects/lady/Ch07_1001_Normal.png
  artifactKey: Guid(d9d7d8bf252e51b4a8dfe095dd331572) Importer(815301076,1909f56bfc062723c751e8b465ee728b)
Start importing Assets/Data/Prefabs/Objects/lady/Ch07_1001_Normal.png using Guid(d9d7d8bf252e51b4a8dfe095dd331572) Importer(815301076,1909f56bfc062723c751e8b465ee728b)  -> (artifact id: '779b3c9a93a610726a1d63e5062aa03d') in 0.054225 seconds 
========================================================================
Received Import Request.
  Time since last request: 0.000028 seconds.
  path: Assets/Data/Prefabs/Objects/lady/lady.fbx
  artifactKey: Guid(aeea47e710a913a4baf5e0bea01e451f) Importer(815301076,1909f56bfc062723c751e8b465ee728b)
Start importing Assets/Data/Prefabs/Objects/lady/lady.fbx using Guid(aeea47e710a913a4baf5e0bea01e451f) Importer(815301076,1909f56bfc062723c751e8b465ee728b)  -> (artifact id: '1005bfdfdc2f866aaea6d92c5d0b0e4f') in 2.527727 seconds 
Editor requested this worker to shutdown with reason: Scaling down because of idle timeout
AssetImportWorker is now disconnected from the server
Process exiting
Exiting without the bug reporter. Application will terminate with return code 0