Using pre-set license
Built from '2021.3/staging' branch; Version is '2021.3.11f1 (0a5ca18544bf) revision 679073'; Using compiler version '192829333'; Build Type 'Release'
OS: 'Windows 11  (10.0.22621) 64bit Core' Language: 'pt' Physical Memory: 14188 MB
BatchMode: 1, IsHumanControllingUs: 0, StartBugReporterOnCrash: 0, Is64bit: 1, IsPro: 1

COMMAND LINE ARGUMENTS:
C:\Program Files\Unity 2021.3.11f1\Editor\Unity.exe
-adb2
-batchMode
-noUpm
-name
AssetImportWorker0
-projectPath
C:/Projects/Unity/The Invitation/Sistemas-de-Entrertenimento
-logFile
Logs/AssetImportWorker0.log
-srvPort
52392
Successfully changed project path to: C:/Projects/Unity/The Invitation/Sistemas-de-Entrertenimento
C:/Projects/Unity/The Invitation/Sistemas-de-Entrertenimento
[UnityMemory] Configuration Parameters - Can be set up in boot.config
    "memorysetup-bucket-allocator-granularity=16"
    "memorysetup-bucket-allocator-bucket-count=8"
    "memorysetup-bucket-allocator-block-size=33554432"
    "memorysetup-bucket-allocator-block-count=8"
    "memorysetup-main-allocator-block-size=16777216"
    "memorysetup-thread-allocator-block-size=16777216"
    "memorysetup-gfx-main-allocator-block-size=16777216"
    "memorysetup-gfx-thread-allocator-block-size=16777216"
    "memorysetup-cache-allocator-block-size=4194304"
    "memorysetup-typetree-allocator-block-size=2097152"
    "memorysetup-profiler-bucket-allocator-granularity=16"
    "memorysetup-profiler-bucket-allocator-bucket-count=8"
    "memorysetup-profiler-bucket-allocator-block-size=33554432"
    "memorysetup-profiler-bucket-allocator-block-count=8"
    "memorysetup-profiler-allocator-block-size=16777216"
    "memorysetup-profiler-editor-allocator-block-size=1048576"
    "memorysetup-temp-allocator-size-main=16777216"
    "memorysetup-job-temp-allocator-block-size=2097152"
    "memorysetup-job-temp-allocator-block-size-background=1048576"
    "memorysetup-job-temp-allocator-reduction-small-platforms=262144"
    "memorysetup-temp-allocator-size-background-worker=32768"
    "memorysetup-temp-allocator-size-job-worker=262144"
    "memorysetup-temp-allocator-size-preload-manager=33554432"
    "memorysetup-temp-allocator-size-nav-mesh-worker=65536"
    "memorysetup-temp-allocator-size-audio-worker=65536"
    "memorysetup-temp-allocator-size-cloud-worker=32768"
    "memorysetup-temp-allocator-size-gi-baking-worker=262144"
    "memorysetup-temp-allocator-size-gfx=262144"
Refreshing native plugins compatible for Editor in 266.84 ms, found 3 plugins.
Preloading 0 native plugins for Editor in 0.00 ms.
Initialize engine version: 2021.3.11f1 (0a5ca18544bf)
[Subsystems] Discovering subsystems at path C:/Program Files/Unity 2021.3.11f1/Editor/Data/Resources/UnitySubsystems
[Subsystems] Discovering subsystems at path C:/Projects/Unity/The Invitation/Sistemas-de-Entrertenimento/Assets
GfxDevice: creating device client; threaded=0; jobified=0
Direct3D:
    Version:  Direct3D 11.0 [level 11.1]
    Renderer: NVIDIA GeForce RTX 3060 Laptop GPU (ID=0x2560)
    Vendor:   NVIDIA
    VRAM:     6023 MB
    Driver:   31.0.15.1694
Initialize mono
Mono path[0] = 'C:/Program Files/Unity 2021.3.11f1/Editor/Data/Managed'
Mono path[1] = 'C:/Program Files/Unity 2021.3.11f1/Editor/Data/MonoBleedingEdge/lib/mono/unityjit-win32'
Mono config path = 'C:/Program Files/Unity 2021.3.11f1/Editor/Data/MonoBleedingEdge/etc'
Using monoOptions --debugger-agent=transport=dt_socket,embedding=1,server=y,suspend=n,address=127.0.0.1:56460
Begin MonoManager ReloadAssembly
Registering precompiled unity dll's ...
Register platform support module: C:/Program Files/Unity 2021.3.11f1/Editor/Data/PlaybackEngines/WindowsStandaloneSupport/UnityEditor.WindowsStandalone.Extensions.dll
Registered in 0.004670 seconds.
Native extension for WindowsStandalone target not found
Refreshing native plugins compatible for Editor in 92.90 ms, found 3 plugins.
Preloading 0 native plugins for Editor in 0.00 ms.
Mono: successfully reloaded assembly
- Completed reload, in  0.680 seconds
Domain Reload Profiling:
	ReloadAssembly (681ms)
		BeginReloadAssembly (106ms)
			ExecutionOrderSort (0ms)
			DisableScriptedObjects (0ms)
			BackupInstance (0ms)
			ReleaseScriptingObjects (0ms)
			CreateAndSetChildDomain (1ms)
		EndReloadAssembly (473ms)
			LoadAssemblies (104ms)
			RebuildTransferFunctionScriptingTraits (0ms)
			SetupTypeCache (114ms)
			ReleaseScriptCaches (0ms)
			RebuildScriptCaches (26ms)
			SetupLoadedEditorAssemblies (283ms)
				LogAssemblyErrors (0ms)
				InitializePlatformSupportModulesInManaged (6ms)
				SetLoadedEditorAssemblies (0ms)
				RefreshPlugins (93ms)
				BeforeProcessingInitializeOnLoad (1ms)
				ProcessInitializeOnLoadAttributes (141ms)
				ProcessInitializeOnLoadMethodAttributes (42ms)
				AfterProcessingInitializeOnLoad (0ms)
				EditorAssembliesLoaded (0ms)
			ExecutionOrderSort2 (0ms)
			AwakeInstancesAfterBackupRestoration (0ms)
Platform modules already initialized, skipping
Registering precompiled user dll's ...
Registered in 0.481382 seconds.
Begin MonoManager ReloadAssembly
Symbol file LoadedFromMemory doesn't match image C:\Projects\Unity\The Invitation\Sistemas-de-Entrertenimento\Library\PackageCache\com.unity.visualscripting@1.7.8\Editor\VisualScripting.Core\Dependencies\YamlDotNet\Unity.VisualScripting.YamlDotNet.dll
Symbol file LoadedFromMemory doesn't match image C:\Projects\Unity\The Invitation\Sistemas-de-Entrertenimento\Library\PackageCache\com.unity.visualscripting@1.7.8\Editor\VisualScripting.Core\Dependencies\DotNetZip\Unity.VisualScripting.IonicZip.dll
Native extension for WindowsStandalone target not found
Refreshing native plugins compatible for Editor in 117.42 ms, found 3 plugins.
Preloading 0 native plugins for Editor in 0.00 ms.
Launched and connected shader compiler UnityShaderCompiler.exe after 0.07 seconds
Mono: successfully reloaded assembly
- Completed reload, in  2.177 seconds
Domain Reload Profiling:
	ReloadAssembly (2177ms)
		BeginReloadAssembly (101ms)
			ExecutionOrderSort (0ms)
			DisableScriptedObjects (5ms)
			BackupInstance (0ms)
			ReleaseScriptingObjects (0ms)
			CreateAndSetChildDomain (20ms)
		EndReloadAssembly (1890ms)
			LoadAssemblies (358ms)
			RebuildTransferFunctionScriptingTraits (0ms)
			SetupTypeCache (294ms)
			ReleaseScriptCaches (1ms)
			RebuildScriptCaches (62ms)
			SetupLoadedEditorAssemblies (1119ms)
				LogAssemblyErrors (0ms)
				InitializePlatformSupportModulesInManaged (11ms)
				SetLoadedEditorAssemblies (0ms)
				RefreshPlugins (118ms)
				BeforeProcessingInitializeOnLoad (114ms)
				ProcessInitializeOnLoadAttributes (554ms)
				ProcessInitializeOnLoadMethodAttributes (314ms)
				AfterProcessingInitializeOnLoad (8ms)
				EditorAssembliesLoaded (0ms)
			ExecutionOrderSort2 (0ms)
			AwakeInstancesAfterBackupRestoration (7ms)
Platform modules already initialized, skipping
========================================================================
Worker process is ready to serve import requests
Refreshing native plugins compatible for Editor in 1.25 ms, found 3 plugins.
Preloading 0 native plugins for Editor in 0.00 ms.
Unloading 5322 Unused Serialized files (Serialized files now loaded: 0)
Unloading 49 unused Assets / (0.7 MB). Loaded Objects now: 5828.
Memory consumption went from 210.4 MB to 209.7 MB.
Total: 19.209000 ms (FindLiveObjects: 0.456700 ms CreateObjectMapping: 0.187100 ms MarkObjects: 18.108100 ms  DeleteObjects: 0.455500 ms)

AssetImportParameters requested are different than current active one (requested -> active):
  custom:video-decoder-ogg-theora: a1e56fd34408186e4bbccfd4996cb3dc -> 
  custom:container-muxer-webm: aa71ff27fc2769a1b78a27578f13a17b -> 
  custom:container-demuxer-webm: 4f35f7cbe854078d1ac9338744f61a02 -> 
  custom:video-encoder-webm-vp8: eb34c28f22e8b96e1ab97ce403110664 -> 
  custom:video-codec-MediaFoundation-h265: 746d11721c4dcdbdad8f713fa42b33f4 -> 
  custom:audio-encoder-webm-vorbis: bf7c407c2cedff20999df2af8eb42d56 -> 
  custom:framework-win-MediaFoundation: 216162199b28c13a410421893ffa2e32 -> 
  custom:container-demuxer-ogg: 62fdf1f143b41e24485cea50d1cbac27 -> 
  custom:video-decoder-webm-vp8: 9c59270c3fd7afecdb556c50c9e8de78 -> 
  custom:audio-decoder-ogg-vorbis: bf7c407c2cedff20999df2af8eb42d56 -> 
========================================================================
Received Import Request.
  Time since last request: 58970.215385 seconds.
  path: Assets/Data/Scenes/Game.unity
  artifactKey: Guid(d1c3109bdb54ad54c8a2b2838528e640) Importer(815301076,1909f56bfc062723c751e8b465ee728b)
Start importing Assets/Data/Scenes/Game.unity using Guid(d1c3109bdb54ad54c8a2b2838528e640) Importer(815301076,1909f56bfc062723c751e8b465ee728b)  -> (artifact id: '5eed4b9e5b1ab9d482e5624f82d0ff27') in 0.017205 seconds 
========================================================================
Received Import Request.
  Time since last request: 2.852135 seconds.
  path: Assets/Data/Scenes/Game
  artifactKey: Guid(7223aca1a683ebd4a94ebebd33ccd522) Importer(815301076,1909f56bfc062723c751e8b465ee728b)
Start importing Assets/Data/Scenes/Game using Guid(7223aca1a683ebd4a94ebebd33ccd522) Importer(815301076,1909f56bfc062723c751e8b465ee728b)  -> (artifact id: '4b43bbf9391ba1f34c48d2ee03594a10') in 0.006543 seconds 
========================================================================
Received Import Request.
  Time since last request: 0.028856 seconds.
  path: Assets/Data/Scenes/Game/LightingData.asset
  artifactKey: Guid(c56f5a0b1bbe37347a8c40a0c3f7e7b4) Importer(815301076,1909f56bfc062723c751e8b465ee728b)
Start importing Assets/Data/Scenes/Game/LightingData.asset using Guid(c56f5a0b1bbe37347a8c40a0c3f7e7b4) Importer(815301076,1909f56bfc062723c751e8b465ee728b)  -> (artifact id: 'ad1f71d9b858903d27b799ebea86ce34') in 0.027423 seconds 
========================================================================
Received Import Request.
  Time since last request: 0.000020 seconds.
  path: Assets/Data/Scenes/Game/ReflectionProbe-0.exr
  artifactKey: Guid(7622eedb8275bdb4f8555b08fc0c3ca3) Importer(815301076,1909f56bfc062723c751e8b465ee728b)
Start importing Assets/Data/Scenes/Game/ReflectionProbe-0.exr using Guid(7622eedb8275bdb4f8555b08fc0c3ca3) Importer(815301076,1909f56bfc062723c751e8b465ee728b)  -> (artifact id: 'bb24b20232329c9aaf912e70054e4cb5') in 0.223591 seconds 
========================================================================
Received Import Request.
  Time since last request: 2.770567 seconds.
  path: Assets/Data/Scenes/SampleScene
  artifactKey: Guid(94d685a46561f5b43bdbac521e2ffa30) Importer(815301076,1909f56bfc062723c751e8b465ee728b)
Start importing Assets/Data/Scenes/SampleScene using Guid(94d685a46561f5b43bdbac521e2ffa30) Importer(815301076,1909f56bfc062723c751e8b465ee728b)  -> (artifact id: '3b06aa84d5271053b2f018c3faed79f6') in 0.005624 seconds 
========================================================================
Received Import Request.
  Time since last request: 0.061726 seconds.
  path: Assets/Data/Scenes/SampleScene/Elevator Volume.asset
  artifactKey: Guid(b4fc001d7ceef554a90f430b95d2e205) Importer(815301076,1909f56bfc062723c751e8b465ee728b)
Start importing Assets/Data/Scenes/SampleScene/Elevator Volume.asset using Guid(b4fc001d7ceef554a90f430b95d2e205) Importer(815301076,1909f56bfc062723c751e8b465ee728b)  -> (artifact id: '3d7ddb9b8bd134915b8ebd2cee6eaa33') in 0.007016 seconds 
========================================================================
Received Import Request.
  Time since last request: 0.000036 seconds.
  path: Assets/Data/Scenes/SampleScene/NavMesh.asset
  artifactKey: Guid(c2c7efb9f91e02748b15e6a295368328) Importer(815301076,1909f56bfc062723c751e8b465ee728b)
Start importing Assets/Data/Scenes/SampleScene/NavMesh.asset using Guid(c2c7efb9f91e02748b15e6a295368328) Importer(815301076,1909f56bfc062723c751e8b465ee728b)  -> (artifact id: 'e40ddfb3c0d683c4d422dbff33259748') in 0.007061 seconds 
========================================================================
Received Prepare
Registering precompiled user dll's ...
Registered in 0.009832 seconds.
Begin MonoManager ReloadAssembly
Symbol file LoadedFromMemory doesn't match image C:\Projects\Unity\The Invitation\Sistemas-de-Entrertenimento\Library\PackageCache\com.unity.visualscripting@1.7.8\Editor\VisualScripting.Core\Dependencies\YamlDotNet\Unity.VisualScripting.YamlDotNet.dll
Symbol file LoadedFromMemory doesn't match image C:\Projects\Unity\The Invitation\Sistemas-de-Entrertenimento\Library\PackageCache\com.unity.visualscripting@1.7.8\Editor\VisualScripting.Core\Dependencies\DotNetZip\Unity.VisualScripting.IonicZip.dll
Native extension for WindowsStandalone target not found
Refreshing native plugins compatible for Editor in 2.33 ms, found 3 plugins.
Preloading 0 native plugins for Editor in 0.00 ms.
Mono: successfully reloaded assembly
- Completed reload, in  1.775 seconds
Domain Reload Profiling:
	ReloadAssembly (1776ms)
		BeginReloadAssembly (154ms)
			ExecutionOrderSort (0ms)
			DisableScriptedObjects (8ms)
			BackupInstance (0ms)
			ReleaseScriptingObjects (0ms)
			CreateAndSetChildDomain (59ms)
		EndReloadAssembly (1528ms)
			LoadAssemblies (90ms)
			RebuildTransferFunctionScriptingTraits (0ms)
			SetupTypeCache (325ms)
			ReleaseScriptCaches (3ms)
			RebuildScriptCaches (51ms)
			SetupLoadedEditorAssemblies (955ms)
				LogAssemblyErrors (0ms)
				InitializePlatformSupportModulesInManaged (13ms)
				SetLoadedEditorAssemblies (1ms)
				RefreshPlugins (2ms)
				BeforeProcessingInitializeOnLoad (91ms)
				ProcessInitializeOnLoadAttributes (561ms)
				ProcessInitializeOnLoadMethodAttributes (279ms)
				AfterProcessingInitializeOnLoad (7ms)
				EditorAssembliesLoaded (0ms)
			ExecutionOrderSort2 (0ms)
			AwakeInstancesAfterBackupRestoration (15ms)
Platform modules already initialized, skipping
Refreshing native plugins compatible for Editor in 5.24 ms, found 3 plugins.
Preloading 0 native plugins for Editor in 0.00 ms.
Unloading 5191 Unused Serialized files (Serialized files now loaded: 0)
Unloading 38 unused Assets / (0.7 MB). Loaded Objects now: 5909.
Memory consumption went from 208.4 MB to 207.7 MB.
Total: 21.643600 ms (FindLiveObjects: 0.714000 ms CreateObjectMapping: 0.472600 ms MarkObjects: 19.862100 ms  DeleteObjects: 0.592800 ms)

AssetImportParameters requested are different than current active one (requested -> active):
  custom:video-decoder-ogg-theora: a1e56fd34408186e4bbccfd4996cb3dc -> 
  custom:container-muxer-webm: aa71ff27fc2769a1b78a27578f13a17b -> 
  custom:container-demuxer-webm: 4f35f7cbe854078d1ac9338744f61a02 -> 
  custom:video-encoder-webm-vp8: eb34c28f22e8b96e1ab97ce403110664 -> 
  custom:video-codec-MediaFoundation-h265: 746d11721c4dcdbdad8f713fa42b33f4 -> 
  custom:audio-encoder-webm-vorbis: bf7c407c2cedff20999df2af8eb42d56 -> 
  custom:framework-win-MediaFoundation: 216162199b28c13a410421893ffa2e32 -> 
  custom:container-demuxer-ogg: 62fdf1f143b41e24485cea50d1cbac27 -> 
  custom:video-decoder-webm-vp8: 9c59270c3fd7afecdb556c50c9e8de78 -> 
  custom:audio-decoder-ogg-vorbis: bf7c407c2cedff20999df2af8eb42d56 -> 
========================================================================
Received Prepare
Registering precompiled user dll's ...
Registered in 0.011921 seconds.
Begin MonoManager ReloadAssembly
Symbol file LoadedFromMemory doesn't match image C:\Projects\Unity\The Invitation\Sistemas-de-Entrertenimento\Library\PackageCache\com.unity.visualscripting@1.7.8\Editor\VisualScripting.Core\Dependencies\YamlDotNet\Unity.VisualScripting.YamlDotNet.dll
Symbol file LoadedFromMemory doesn't match image C:\Projects\Unity\The Invitation\Sistemas-de-Entrertenimento\Library\PackageCache\com.unity.visualscripting@1.7.8\Editor\VisualScripting.Core\Dependencies\DotNetZip\Unity.VisualScripting.IonicZip.dll
Native extension for WindowsStandalone target not found
Refreshing native plugins compatible for Editor in 1.53 ms, found 3 plugins.
Preloading 0 native plugins for Editor in 0.00 ms.
Mono: successfully reloaded assembly
- Completed reload, in  1.762 seconds
Domain Reload Profiling:
	ReloadAssembly (1763ms)
		BeginReloadAssembly (154ms)
			ExecutionOrderSort (0ms)
			DisableScriptedObjects (6ms)
			BackupInstance (0ms)
			ReleaseScriptingObjects (0ms)
			CreateAndSetChildDomain (59ms)
		EndReloadAssembly (1515ms)
			LoadAssemblies (97ms)
			RebuildTransferFunctionScriptingTraits (0ms)
			SetupTypeCache (338ms)
			ReleaseScriptCaches (2ms)
			RebuildScriptCaches (47ms)
			SetupLoadedEditorAssemblies (942ms)
				LogAssemblyErrors (0ms)
				InitializePlatformSupportModulesInManaged (14ms)
				SetLoadedEditorAssemblies (1ms)
				RefreshPlugins (2ms)
				BeforeProcessingInitializeOnLoad (92ms)
				ProcessInitializeOnLoadAttributes (578ms)
				ProcessInitializeOnLoadMethodAttributes (248ms)
				AfterProcessingInitializeOnLoad (8ms)
				EditorAssembliesLoaded (0ms)
			ExecutionOrderSort2 (0ms)
			AwakeInstancesAfterBackupRestoration (13ms)
Platform modules already initialized, skipping
Refreshing native plugins compatible for Editor in 4.46 ms, found 3 plugins.
Preloading 0 native plugins for Editor in 0.00 ms.
Unloading 5192 Unused Serialized files (Serialized files now loaded: 0)
Unloading 38 unused Assets / (0.7 MB). Loaded Objects now: 5912.
Memory consumption went from 208.5 MB to 207.8 MB.
Total: 22.233500 ms (FindLiveObjects: 0.446200 ms CreateObjectMapping: 0.369500 ms MarkObjects: 20.993400 ms  DeleteObjects: 0.423200 ms)

AssetImportParameters requested are different than current active one (requested -> active):
  custom:video-decoder-ogg-theora: a1e56fd34408186e4bbccfd4996cb3dc -> 
  custom:container-muxer-webm: aa71ff27fc2769a1b78a27578f13a17b -> 
  custom:container-demuxer-webm: 4f35f7cbe854078d1ac9338744f61a02 -> 
  custom:video-encoder-webm-vp8: eb34c28f22e8b96e1ab97ce403110664 -> 
  custom:video-codec-MediaFoundation-h265: 746d11721c4dcdbdad8f713fa42b33f4 -> 
  custom:audio-encoder-webm-vorbis: bf7c407c2cedff20999df2af8eb42d56 -> 
  custom:framework-win-MediaFoundation: 216162199b28c13a410421893ffa2e32 -> 
  custom:container-demuxer-ogg: 62fdf1f143b41e24485cea50d1cbac27 -> 
  custom:video-decoder-webm-vp8: 9c59270c3fd7afecdb556c50c9e8de78 -> 
  custom:audio-decoder-ogg-vorbis: bf7c407c2cedff20999df2af8eb42d56 -> 
========================================================================
Received Prepare
Registering precompiled user dll's ...
Registered in 0.011024 seconds.
Begin MonoManager ReloadAssembly
Symbol file LoadedFromMemory doesn't match image C:\Projects\Unity\The Invitation\Sistemas-de-Entrertenimento\Library\PackageCache\com.unity.visualscripting@1.7.8\Editor\VisualScripting.Core\Dependencies\YamlDotNet\Unity.VisualScripting.YamlDotNet.dll
Symbol file LoadedFromMemory doesn't match image C:\Projects\Unity\The Invitation\Sistemas-de-Entrertenimento\Library\PackageCache\com.unity.visualscripting@1.7.8\Editor\VisualScripting.Core\Dependencies\DotNetZip\Unity.VisualScripting.IonicZip.dll
Native extension for WindowsStandalone target not found
Refreshing native plugins compatible for Editor in 1.01 ms, found 3 plugins.
Preloading 0 native plugins for Editor in 0.00 ms.
Mono: successfully reloaded assembly
- Completed reload, in  1.804 seconds
Domain Reload Profiling:
	ReloadAssembly (1804ms)
		BeginReloadAssembly (155ms)
			ExecutionOrderSort (0ms)
			DisableScriptedObjects (7ms)
			BackupInstance (0ms)
			ReleaseScriptingObjects (0ms)
			CreateAndSetChildDomain (60ms)
		EndReloadAssembly (1549ms)
			LoadAssemblies (100ms)
			RebuildTransferFunctionScriptingTraits (0ms)
			SetupTypeCache (339ms)
			ReleaseScriptCaches (2ms)
			RebuildScriptCaches (51ms)
			SetupLoadedEditorAssemblies (961ms)
				LogAssemblyErrors (0ms)
				InitializePlatformSupportModulesInManaged (13ms)
				SetLoadedEditorAssemblies (0ms)
				RefreshPlugins (1ms)
				BeforeProcessingInitializeOnLoad (98ms)
				ProcessInitializeOnLoadAttributes (592ms)
				ProcessInitializeOnLoadMethodAttributes (250ms)
				AfterProcessingInitializeOnLoad (7ms)
				EditorAssembliesLoaded (0ms)
			ExecutionOrderSort2 (0ms)
			AwakeInstancesAfterBackupRestoration (13ms)
Platform modules already initialized, skipping
Refreshing native plugins compatible for Editor in 3.57 ms, found 3 plugins.
Preloading 0 native plugins for Editor in 0.00 ms.
Unloading 5192 Unused Serialized files (Serialized files now loaded: 0)
Unloading 38 unused Assets / (0.7 MB). Loaded Objects now: 5915.
Memory consumption went from 208.5 MB to 207.8 MB.
Total: 24.412800 ms (FindLiveObjects: 0.704300 ms CreateObjectMapping: 0.443800 ms MarkObjects: 22.930000 ms  DeleteObjects: 0.333100 ms)

AssetImportParameters requested are different than current active one (requested -> active):
  custom:video-decoder-ogg-theora: a1e56fd34408186e4bbccfd4996cb3dc -> 
  custom:container-muxer-webm: aa71ff27fc2769a1b78a27578f13a17b -> 
  custom:container-demuxer-webm: 4f35f7cbe854078d1ac9338744f61a02 -> 
  custom:video-encoder-webm-vp8: eb34c28f22e8b96e1ab97ce403110664 -> 
  custom:video-codec-MediaFoundation-h265: 746d11721c4dcdbdad8f713fa42b33f4 -> 
  custom:audio-encoder-webm-vorbis: bf7c407c2cedff20999df2af8eb42d56 -> 
  custom:framework-win-MediaFoundation: 216162199b28c13a410421893ffa2e32 -> 
  custom:container-demuxer-ogg: 62fdf1f143b41e24485cea50d1cbac27 -> 
  custom:video-decoder-webm-vp8: 9c59270c3fd7afecdb556c50c9e8de78 -> 
  custom:audio-decoder-ogg-vorbis: bf7c407c2cedff20999df2af8eb42d56 -> 
========================================================================
Received Import Request.
  Time since last request: 978.096032 seconds.
  path: Assets/Data/Materials/Light.mat
  artifactKey: Guid(f30730820eb7c5d4f8f347ce687bbcb8) Importer(815301076,1909f56bfc062723c751e8b465ee728b)
Start importing Assets/Data/Materials/Light.mat using Guid(f30730820eb7c5d4f8f347ce687bbcb8) Importer(815301076,1909f56bfc062723c751e8b465ee728b)  -> (artifact id: '65aa37a6f1a7375bb5801114beeb4894') in 1.118593 seconds 
========================================================================
Received Import Request.
  Time since last request: 2.076526 seconds.
  path: Assets/Data/Materials/Material
  artifactKey: Guid(0d3c4ef7fabb6444f846ac3f5fa16e39) Importer(815301076,1909f56bfc062723c751e8b465ee728b)
Start importing Assets/Data/Materials/Material using Guid(0d3c4ef7fabb6444f846ac3f5fa16e39) Importer(815301076,1909f56bfc062723c751e8b465ee728b)  -> (artifact id: '9dda927e50fd6fc75bb960bcfe840e8f') in 0.005226 seconds 
========================================================================
Received Import Request.
  Time since last request: 1.046383 seconds.
  path: Assets/Data/Materials/Material/Debug
  artifactKey: Guid(e5dadbb42090a9047a1d2fc86f01798f) Importer(815301076,1909f56bfc062723c751e8b465ee728b)
Start importing Assets/Data/Materials/Material/Debug using Guid(e5dadbb42090a9047a1d2fc86f01798f) Importer(815301076,1909f56bfc062723c751e8b465ee728b)  -> (artifact id: '52781d7bf7025de20d21526216da6446') in 0.006791 seconds 
========================================================================
Received Import Request.
  Time since last request: 0.054369 seconds.
  path: Assets/Data/Materials/Material/Debug/barrier.mat
  artifactKey: Guid(21afab082a1521147aa31ed3d64f67ad) Importer(815301076,1909f56bfc062723c751e8b465ee728b)
Start importing Assets/Data/Materials/Material/Debug/barrier.mat using Guid(21afab082a1521147aa31ed3d64f67ad) Importer(815301076,1909f56bfc062723c751e8b465ee728b)  -> (artifact id: '9485d4baf957e7d8d22917fc3d7627e3') in 1.303812 seconds 
========================================================================
Received Import Request.
  Time since last request: 0.000041 seconds.
  path: Assets/Data/Materials/Material/Debug/Floor.mat
  artifactKey: Guid(bebd59e4336e88e49a6b888090eae49f) Importer(815301076,1909f56bfc062723c751e8b465ee728b)
Start importing Assets/Data/Materials/Material/Debug/Floor.mat using Guid(bebd59e4336e88e49a6b888090eae49f) Importer(815301076,1909f56bfc062723c751e8b465ee728b)  -> (artifact id: '76682f918eff36bbae0e01d3ca9df357') in 1.437649 seconds 
========================================================================
Received Import Request.
  Time since last request: 0.000038 seconds.
  path: Assets/Data/Materials/Material/Debug/level-2.mat
  artifactKey: Guid(8922375db0aeed748b7b16e410c28a3f) Importer(815301076,1909f56bfc062723c751e8b465ee728b)
Start importing Assets/Data/Materials/Material/Debug/level-2.mat using Guid(8922375db0aeed748b7b16e410c28a3f) Importer(815301076,1909f56bfc062723c751e8b465ee728b)  -> (artifact id: '14ad7861c170ff8ea04fa4e9690c445f') in 0.021892 seconds 
========================================================================
Received Import Request.
  Time since last request: 0.000029 seconds.
  path: Assets/Data/Materials/Material/Debug/level-3.mat
  artifactKey: Guid(c221892a6ea00234b9c68fa817525b7f) Importer(815301076,1909f56bfc062723c751e8b465ee728b)
Start importing Assets/Data/Materials/Material/Debug/level-3.mat using Guid(c221892a6ea00234b9c68fa817525b7f) Importer(815301076,1909f56bfc062723c751e8b465ee728b)  -> (artifact id: '071602c5577c12c5fcff9b2cd9c6159f') in 0.020918 seconds 
========================================================================
Received Import Request.
  Time since last request: 0.000039 seconds.
  path: Assets/Data/Materials/Material/Debug/level-4.mat
  artifactKey: Guid(dc4b7dc0dfa53334ebe4e0ddca7c1016) Importer(815301076,1909f56bfc062723c751e8b465ee728b)
Start importing Assets/Data/Materials/Material/Debug/level-4.mat using Guid(dc4b7dc0dfa53334ebe4e0ddca7c1016) Importer(815301076,1909f56bfc062723c751e8b465ee728b)  -> (artifact id: 'f4f7c8a86dfa759c59115bbb437e821d') in 0.018620 seconds 
========================================================================
Received Import Request.
  Time since last request: 0.000028 seconds.
  path: Assets/Data/Materials/Material/Debug/Wall.mat
  artifactKey: Guid(82c6db7c576072b469aedba6787d05a5) Importer(815301076,1909f56bfc062723c751e8b465ee728b)
Start importing Assets/Data/Materials/Material/Debug/Wall.mat using Guid(82c6db7c576072b469aedba6787d05a5) Importer(815301076,1909f56bfc062723c751e8b465ee728b)  -> (artifact id: '3ea88b747023321c4e15453ad7048e19') in 0.020054 seconds 
Editor requested this worker to shutdown with reason: Scaling down because of idle timeout
AssetImportWorker is now disconnected from the server
Process exiting
Exiting without the bug reporter. Application will terminate with return code 0